09:33:47 **** Incremental Build of configuration Debug for project MoveTest ****
make all 
Building target: MoveTest.elf
Invoking: ARM g++ linker
arm-xilinx-eabi-g++ -Wl,-T -Wl,../src/lscript.ld -L../../standalone_bsp_0/ps7_cortexa9_0/lib -o "MoveTest.elf"  ./src/main.o ./src/move.o   -Wl,--start-group,-lxil,-lgcc,-lc,-lstdc++,--end-group -Wl,--start-group,-lxilffs,-lxil,-lgcc,-lc,--end-group -Wl,--start-group,-lrsa,-lxil,-lgcc,-lc,--end-group
./src/move.o: In function `move(float, int, float)':
C:\Users\Kasper\Documents\GitHub\TIHSC\AI_Project\ZyboCar\ZyboCar.sdk\MoveTest\Debug/../src/move.cpp:10: multiple definition of `motor'
./src/main.o:C:\Users\Kasper\Documents\GitHub\TIHSC\AI_Project\ZyboCar\ZyboCar.sdk\MoveTest\Debug/../src/main.cc:8: first defined here
./src/move.o: In function `move(float, int, float)':
C:\Users\Kasper\Documents\GitHub\TIHSC\AI_Project\ZyboCar\ZyboCar.sdk\MoveTest\Debug/../src/move.cpp:10: multiple definition of `Timer'
./src/main.o:C:\Users\Kasper\Documents\GitHub\TIHSC\AI_Project\ZyboCar\ZyboCar.sdk\MoveTest\Debug/../src/main.cc:10: first defined here
collect2.exe: error: ld returned 1 exit status
make: *** [MoveTest.elf] Fejl 1
09:35:45 **** Auto Build of configuration Debug for project MoveTest ****
make all 
Building file: ../src/main.cc
Invoking: ARM g++ compiler
arm-xilinx-eabi-g++ -Wall -O0 -g3 -c -fmessage-length=0 -MT"src/main.o" -I../../standalone_bsp_0/ps7_cortexa9_0/include -MMD -MP -MF"src/main.d" -MT"src/main.d" -o "src/main.o" "../src/main.cc"
Finished building: ../src/main.cc
 
Building file: ../src/move.cpp
Invoking: ARM g++ compiler
arm-xilinx-eabi-g++ -Wall -O0 -g3 -c -fmessage-length=0 -MT"src/move.o" -I../../standalone_bsp_0/ps7_cortexa9_0/include -MMD -MP -MF"src/move.d" -MT"src/move.d" -o "src/move.o" "../src/move.cpp"
Finished building: ../src/move.cpp
 
Building target: MoveTest.elf
Invoking: ARM g++ linker
arm-xilinx-eabi-g++ -Wl,-T -Wl,../src/lscript.ld -L../../standalone_bsp_0/ps7_cortexa9_0/lib -o "MoveTest.elf"  ./src/main.o ./src/move.o   -Wl,--start-group,-lxil,-lgcc,-lc,-lstdc++,--end-group -Wl,--start-group,-lxilffs,-lxil,-lgcc,-lc,--end-group -Wl,--start-group,-lrsa,-lxil,-lgcc,-lc,--end-group
./src/move.o: In function `move(float, int, float)':
C:\Users\Kasper\Documents\GitHub\TIHSC\AI_Project\ZyboCar\ZyboCar.sdk\MoveTest\Debug/../src/move.cpp:10: multiple definition of `motor'
./src/main.o:C:\Users\Kasper\Documents\GitHub\TIHSC\AI_Project\ZyboCar\ZyboCar.sdk\MoveTest\Debug/../src/main.cc:8: first defined here
./src/move.o: In function `move(float, int, float)':
C:\Users\Kasper\Documents\GitHub\TIHSC\AI_Project\ZyboCar\ZyboCar.sdk\MoveTest\Debug/../src/move.cpp:10: multiple definition of `Timer'
./src/main.o:C:\Users\Kasper\Documents\GitHub\TIHSC\AI_Project\ZyboCar\ZyboCar.sdk\MoveTest\Debug/../src/main.cc:10: first defined here
collect2.exe: error: ld returned 1 exit status
make: *** [MoveTest.elf] Fejl 1
09:36:14 **** Auto Build of configuration Debug for project MoveTest ****
make all 
Building file: ../src/main.cc
Invoking: ARM g++ compiler
arm-xilinx-eabi-g++ -Wall -O0 -g3 -c -fmessage-length=0 -MT"src/main.o" -I../../standalone_bsp_0/ps7_cortexa9_0/include -MMD -MP -MF"src/main.d" -MT"src/main.d" -o "src/main.o" "../src/main.cc"
Finished building: ../src/main.cc
 
Building file: ../src/move.cpp
Invoking: ARM g++ compiler
arm-xilinx-eabi-g++ -Wall -O0 -g3 -c -fmessage-length=0 -MT"src/move.o" -I../../standalone_bsp_0/ps7_cortexa9_0/include -MMD -MP -MF"src/move.d" -MT"src/move.d" -o "src/move.o" "../src/move.cpp"
Finished building: ../src/move.cpp
 
Building target: MoveTest.elf
Invoking: ARM g++ linker
arm-xilinx-eabi-g++ -Wl,-T -Wl,../src/lscript.ld -L../../standalone_bsp_0/ps7_cortexa9_0/lib -o "MoveTest.elf"  ./src/main.o ./src/move.o   -Wl,--start-group,-lxil,-lgcc,-lc,-lstdc++,--end-group -Wl,--start-group,-lxilffs,-lxil,-lgcc,-lc,--end-group -Wl,--start-group,-lrsa,-lxil,-lgcc,-lc,--end-group
./src/move.o: In function `move(float, int, float)':
C:\Users\Kasper\Documents\GitHub\TIHSC\AI_Project\ZyboCar\ZyboCar.sdk\MoveTest\Debug/../src/move.cpp:10: multiple definition of `motor'
./src/main.o:C:\Users\Kasper\Documents\GitHub\TIHSC\AI_Project\ZyboCar\ZyboCar.sdk\MoveTest\Debug/../src/main.cc:8: first defined here
./src/move.o: In function `move(float, int, float)':
C:\Users\Kasper\Documents\GitHub\TIHSC\AI_Project\ZyboCar\ZyboCar.sdk\MoveTest\Debug/../src/move.cpp:10: multiple definition of `Timer'
./src/main.o:C:\Users\Kasper\Documents\GitHub\TIHSC\AI_Project\ZyboCar\ZyboCar.sdk\MoveTest\Debug/../src/main.cc:10: first defined here
collect2.exe: error: ld returned 1 exit status
make: *** [MoveTest.elf] Fejl 1
09:38:34 **** Auto Build of configuration Debug for project MoveTest ****
make all 
Building file: ../src/main.cc
Invoking: ARM g++ compiler
arm-xilinx-eabi-g++ -Wall -O0 -g3 -c -fmessage-length=0 -MT"src/main.o" -I../../standalone_bsp_0/ps7_cortexa9_0/include -MMD -MP -MF"src/main.d" -MT"src/main.d" -o "src/main.o" "../src/main.cc"
In file included from ../src/main.cc:6:0:
../src/move.h:31:1: error: expected ';' after class definition
 #endif /* MOVE_H_ */
 ^
../src/main.cc: In function 'int main()':
../src/main.cc:11:41: error: 'ScuTimerWait' was not declared in this scope
  ScuTimerWait(TIMER_DEVICE_ID,ONE_SECOND);
                                         ^
../src/main.cc:14:13: error: 'motor' was not declared in this scope
  initMotor(&motor);
             ^
../src/main.cc:14:18: error: 'initMotor' was not declared in this scope
  initMotor(&motor);
                  ^
../src/main.cc:17:20: error: 'move' was not declared in this scope
  move(0,1000,M_PI_2);
                    ^
make: *** [src/main.o] Fejl 1
09:38:39 **** Auto Build of configuration Debug for project MoveTest ****
make all 
Building file: ../src/main.cc
Invoking: ARM g++ compiler
arm-xilinx-eabi-g++ -Wall -O0 -g3 -c -fmessage-length=0 -MT"src/main.o" -I../../standalone_bsp_0/ps7_cortexa9_0/include -MMD -MP -MF"src/main.d" -MT"src/main.d" -o "src/main.o" "../src/main.cc"
In file included from ../src/main.cc:6:0:
../src/move.h:31:1: error: expected ';' after class definition
 #endif /* MOVE_H_ */
 ^
../src/main.cc: In function 'int main()':
../src/main.cc:11:41: error: 'ScuTimerWait' was not declared in this scope
  ScuTimerWait(TIMER_DEVICE_ID,ONE_SECOND);
                                         ^
../src/main.cc:14:13: error: 'motor' was not declared in this scope
  initMotor(&motor);
             ^
../src/main.cc:14:18: error: 'initMotor' was not declared in this scope
  initMotor(&motor);
                  ^
../src/main.cc:17:20: error: 'move' was not declared in this scope
  move(0,1000,M_PI_2);
                    ^
make: *** [src/main.o] Fejl 1
09:38:50 **** Auto Build of configuration Debug for project MoveTest ****
make all 
Building file: ../src/main.cc
Invoking: ARM g++ compiler
arm-xilinx-eabi-g++ -Wall -O0 -g3 -c -fmessage-length=0 -MT"src/main.o" -I../../standalone_bsp_0/ps7_cortexa9_0/include -MMD -MP -MF"src/main.d" -MT"src/main.d" -o "src/main.o" "../src/main.cc"
In file included from ../src/main.cc:6:0:
../src/move.h:31:1: error: expected ';' after class definition
 #endif /* MOVE_H_ */
 ^
../src/main.cc: In function 'int main()':
../src/main.cc:11:41: error: 'ScuTimerWait' was not declared in this scope
  ScuTimerWait(TIMER_DEVICE_ID,ONE_SECOND);
                                         ^
../src/main.cc:14:13: error: 'motor' was not declared in this scope
  initMotor(&motor);
             ^
../src/main.cc:14:18: error: 'initMotor' was not declared in this scope
  initMotor(&motor);
                  ^
../src/main.cc:17:20: error: 'move' was not declared in this scope
  move(0,1000,M_PI_2);
                    ^
make: *** [src/main.o] Fejl 1
09:39:32 **** Auto Build of configuration Debug for project MoveTest ****
make all 
Building file: ../src/main.cc
Invoking: ARM g++ compiler
arm-xilinx-eabi-g++ -Wall -O0 -g3 -c -fmessage-length=0 -MT"src/main.o" -I../../standalone_bsp_0/ps7_cortexa9_0/include -MMD -MP -MF"src/main.d" -MT"src/main.d" -o "src/main.o" "../src/main.cc"
../src/main.cc: In function 'int main()':
../src/main.cc:11:41: error: 'ScuTimerWait' was not declared in this scope
  ScuTimerWait(TIMER_DEVICE_ID,ONE_SECOND);
                                         ^
../src/main.cc:14:13: error: 'motor' was not declared in this scope
  initMotor(&motor);
             ^
../src/main.cc:14:18: error: 'initMotor' was not declared in this scope
  initMotor(&motor);
                  ^
../src/main.cc:17:20: error: 'move' was not declared in this scope
  move(0,1000,M_PI_2);
                    ^
make: *** [src/main.o] Fejl 1
09:40:34 **** Auto Build of configuration Debug for project MoveTest ****
make all 
Building file: ../src/main.cc
Invoking: ARM g++ compiler
arm-xilinx-eabi-g++ -Wall -O0 -g3 -c -fmessage-length=0 -MT"src/main.o" -I../../standalone_bsp_0/ps7_cortexa9_0/include -MMD -MP -MF"src/main.d" -MT"src/main.d" -o "src/main.o" "../src/main.cc"
../src/main.cc: In function 'int main()':
../src/main.cc:10:41: error: 'arguments' was not declared in this scope
  MoveController MC = new MoveController(arguments);
                                         ^
../src/main.cc:13:41: error: 'ScuTimerWait' was not declared in this scope
  ScuTimerWait(TIMER_DEVICE_ID,ONE_SECOND);
                                         ^
../src/main.cc:16:13: error: 'motor' was not declared in this scope
  initMotor(&motor);
             ^
../src/main.cc:16:18: error: 'initMotor' was not declared in this scope
  initMotor(&motor);
                  ^
../src/main.cc:19:20: error: 'move' was not declared in this scope
  move(0,1000,M_PI_2);
                    ^
../src/main.cc:10:17: warning: unused variable 'MC' [-Wunused-variable]
  MoveController MC = new MoveController(arguments);
                 ^
make: *** [src/main.o] Fejl 1
09:40:39 **** Auto Build of configuration Debug for project MoveTest ****
make all 
Building file: ../src/main.cc
Invoking: ARM g++ compiler
arm-xilinx-eabi-g++ -Wall -O0 -g3 -c -fmessage-length=0 -MT"src/main.o" -I../../standalone_bsp_0/ps7_cortexa9_0/include -MMD -MP -MF"src/main.d" -MT"src/main.d" -o "src/main.o" "../src/main.cc"
../src/main.cc: In function 'int main()':
../src/main.cc:10:41: error: conversion from 'MoveController*' to non-scalar type 'MoveController' requested
  MoveController MC = new MoveController();
                                         ^
../src/main.cc:13:41: error: 'ScuTimerWait' was not declared in this scope
  ScuTimerWait(TIMER_DEVICE_ID,ONE_SECOND);
                                         ^
../src/main.cc:16:13: error: 'motor' was not declared in this scope
  initMotor(&motor);
             ^
../src/main.cc:16:18: error: 'initMotor' was not declared in this scope
  initMotor(&motor);
                  ^
../src/main.cc:19:20: error: 'move' was not declared in this scope
  move(0,1000,M_PI_2);
                    ^
make: *** [src/main.o] Fejl 1
09:41:13 **** Auto Build of configuration Debug for project MoveTest ****
make all 
Building file: ../src/main.cc
Invoking: ARM g++ compiler
arm-xilinx-eabi-g++ -Wall -O0 -g3 -c -fmessage-length=0 -MT"src/main.o" -I../../standalone_bsp_0/ps7_cortexa9_0/include -MMD -MP -MF"src/main.d" -MT"src/main.d" -o "src/main.o" "../src/main.cc"
../src/main.cc: In function 'int main()':
../src/main.cc:13:41: error: 'ScuTimerWait' was not declared in this scope
  ScuTimerWait(TIMER_DEVICE_ID,ONE_SECOND);
                                         ^
../src/main.cc:16:13: error: 'motor' was not declared in this scope
  initMotor(&motor);
             ^
../src/main.cc:16:18: error: 'initMotor' was not declared in this scope
  initMotor(&motor);
                  ^
../src/main.cc:19:20: error: 'move' was not declared in this scope
  move(0,1000,M_PI_2);
                    ^
../src/main.cc:10:18: warning: unused variable 'MC' [-Wunused-variable]
  MoveController* MC = new MoveController();
                  ^
make: *** [src/main.o] Fejl 1
09:41:44 **** Auto Build of configuration Debug for project MoveTest ****
make all 
Building file: ../src/main.cc
Invoking: ARM g++ compiler
arm-xilinx-eabi-g++ -Wall -O0 -g3 -c -fmessage-length=0 -MT"src/main.o" -I../../standalone_bsp_0/ps7_cortexa9_0/include -MMD -MP -MF"src/main.d" -MT"src/main.d" -o "src/main.o" "../src/main.cc"
In file included from ../src/main.cc:6:0:
../src/move.h: In function 'int main()':
../src/move.h:27:6: error: 'int MoveController::ScuTimerWait(u16, u32)' is private
  void move(float poseAngle, int distance, float heading);
      ^
../src/main.cc:13:45: error: within this context
  MC->ScuTimerWait(TIMER_DEVICE_ID,ONE_SECOND);
                                             ^
../src/main.cc:16:13: error: 'motor' was not declared in this scope
  initMotor(&motor);
             ^
../src/main.cc:16:18: error: 'initMotor' was not declared in this scope
  initMotor(&motor);
                  ^
../src/main.cc:19:20: error: 'move' was not declared in this scope
  move(0,1000,M_PI_2);
                    ^
../src/main.cc:21:41: error: 'ScuTimerWait' was not declared in this scope
  ScuTimerWait(TIMER_DEVICE_ID,ONE_SECOND);
                                         ^
make: *** [src/main.o] Fejl 1
09:41:48 **** Auto Build of configuration Debug for project MoveTest ****
make all 
Building file: ../src/main.cc
Invoking: ARM g++ compiler
arm-xilinx-eabi-g++ -Wall -O0 -g3 -c -fmessage-length=0 -MT"src/main.o" -I../../standalone_bsp_0/ps7_cortexa9_0/include -MMD -MP -MF"src/main.d" -MT"src/main.d" -o "src/main.o" "../src/main.cc"
../src/main.cc: In function 'int main()':
../src/main.cc:13:5: error: request for member 'ScuTimerWait' in 'MC', which is of pointer type 'MoveController*' (maybe you meant to use '->' ?)
  MC.ScuTimerWait(TIMER_DEVICE_ID,ONE_SECOND);
     ^
../src/main.cc:16:13: error: 'motor' was not declared in this scope
  initMotor(&motor);
             ^
../src/main.cc:16:18: error: 'initMotor' was not declared in this scope
  initMotor(&motor);
                  ^
../src/main.cc:19:20: error: 'move' was not declared in this scope
  move(0,1000,M_PI_2);
                    ^
../src/main.cc:21:41: error: 'ScuTimerWait' was not declared in this scope
  ScuTimerWait(TIMER_DEVICE_ID,ONE_SECOND);
                                         ^
make: *** [src/main.o] Fejl 1
09:41:54 **** Auto Build of configuration Debug for project MoveTest ****
make all 
Building file: ../src/main.cc
Invoking: ARM g++ compiler
arm-xilinx-eabi-g++ -Wall -O0 -g3 -c -fmessage-length=0 -MT"src/main.o" -I../../standalone_bsp_0/ps7_cortexa9_0/include -MMD -MP -MF"src/main.d" -MT"src/main.d" -o "src/main.o" "../src/main.cc"
In file included from ../src/main.cc:6:0:
../src/move.h: In function 'int main()':
../src/move.h:27:6: error: 'int MoveController::ScuTimerWait(u16, u32)' is private
  void move(float poseAngle, int distance, float heading);
      ^
../src/main.cc:13:45: error: within this context
  MC->ScuTimerWait(TIMER_DEVICE_ID,ONE_SECOND);
                                             ^
../src/main.cc:16:13: error: 'motor' was not declared in this scope
  initMotor(&motor);
             ^
../src/main.cc:16:18: error: 'initMotor' was not declared in this scope
  initMotor(&motor);
                  ^
../src/main.cc:19:20: error: 'move' was not declared in this scope
  move(0,1000,M_PI_2);
                    ^
../src/main.cc:21:41: error: 'ScuTimerWait' was not declared in this scope
  ScuTimerWait(TIMER_DEVICE_ID,ONE_SECOND);
                                         ^
make: *** [src/main.o] Fejl 1
09:42:19 **** Auto Build of configuration Debug for project MoveTest ****
make all 
Building file: ../src/main.cc
Invoking: ARM g++ compiler
arm-xilinx-eabi-g++ -Wall -O0 -g3 -c -fmessage-length=0 -MT"src/main.o" -I../../standalone_bsp_0/ps7_cortexa9_0/include -MMD -MP -MF"src/main.d" -MT"src/main.d" -o "src/main.o" "../src/main.cc"
In file included from ../src/main.cc:6:0:
../src/move.h: In function 'int main()':
../src/move.h:27:6: error: 'int MoveController::ScuTimerWait(u16, u32)' is private
  void move(float poseAngle, int distance, float heading);
      ^
../src/main.cc:14:45: error: within this context
  MC->ScuTimerWait(TIMER_DEVICE_ID,ONE_SECOND);
                                             ^
../src/main.cc:17:13: error: 'motor' was not declared in this scope
  initMotor(&motor);
             ^
../src/main.cc:17:18: error: 'initMotor' was not declared in this scope
  initMotor(&motor);
                  ^
../src/main.cc:20:20: error: 'move' was not declared in this scope
  move(0,1000,M_PI_2);
                    ^
../src/main.cc:22:41: error: 'ScuTimerWait' was not declared in this scope
  ScuTimerWait(TIMER_DEVICE_ID,ONE_SECOND);
                                         ^
make: *** [src/main.o] Fejl 1
09:42:45 **** Auto Build of configuration Debug for project MoveTest ****
make all 
Building file: ../src/main.cc
Invoking: ARM g++ compiler
arm-xilinx-eabi-g++ -Wall -O0 -g3 -c -fmessage-length=0 -MT"src/main.o" -I../../standalone_bsp_0/ps7_cortexa9_0/include -MMD -MP -MF"src/main.d" -MT"src/main.d" -o "src/main.o" "../src/main.cc"
../src/main.cc: In function 'int main()':
../src/main.cc:17:13: error: 'motor' was not declared in this scope
  initMotor(&motor);
             ^
../src/main.cc:17:18: error: 'initMotor' was not declared in this scope
  initMotor(&motor);
                  ^
../src/main.cc:20:20: error: 'move' was not declared in this scope
  move(0,1000,M_PI_2);
                    ^
../src/main.cc:22:41: error: 'ScuTimerWait' was not declared in this scope
  ScuTimerWait(TIMER_DEVICE_ID,ONE_SECOND);
                                         ^
make: *** [src/main.o] Fejl 1
09:43:08 **** Auto Build of configuration Debug for project MoveTest ****
make all 
Building file: ../src/main.cc
Invoking: ARM g++ compiler
arm-xilinx-eabi-g++ -Wall -O0 -g3 -c -fmessage-length=0 -MT"src/main.o" -I../../standalone_bsp_0/ps7_cortexa9_0/include -MMD -MP -MF"src/main.d" -MT"src/main.d" -o "src/main.o" "../src/main.cc"
../src/main.cc: In function 'int main()':
../src/main.cc:17:17: error: 'motor' was not declared in this scope
  MC->initMotor(&motor);
                 ^
../src/main.cc:22:41: error: 'ScuTimerWait' was not declared in this scope
  ScuTimerWait(TIMER_DEVICE_ID,ONE_SECOND);
                                         ^
../src/main.cc:24:24: error: 'move' was not declared in this scope
  move(90,500,(3*M_PI_2));
                        ^
make: *** [src/main.o] Fejl 1
09:43:31 **** Auto Build of configuration Debug for project MoveTest ****
make all 
Building file: ../src/main.cc
Invoking: ARM g++ compiler
arm-xilinx-eabi-g++ -Wall -O0 -g3 -c -fmessage-length=0 -MT"src/main.o" -I../../standalone_bsp_0/ps7_cortexa9_0/include -MMD -MP -MF"src/main.d" -MT"src/main.d" -o "src/main.o" "../src/main.cc"
../src/main.cc: In function 'int main()':
../src/main.cc:17:17: error: 'motor' was not declared in this scope
  MC->initMotor(&motor);
                 ^
make: *** [src/main.o] Fejl 1
09:44:19 **** Auto Build of configuration Debug for project MoveTest ****
make all 
Building file: ../src/main.cc
Invoking: ARM g++ compiler
arm-xilinx-eabi-g++ -Wall -O0 -g3 -c -fmessage-length=0 -MT"src/main.o" -I../../standalone_bsp_0/ps7_cortexa9_0/include -MMD -MP -MF"src/main.d" -MT"src/main.d" -o "src/main.o" "../src/main.cc"
../src/main.cc: In function 'int main()':
../src/main.cc:17:17: error: 'motor' was not declared in this scope
  MC->initMotor(&motor);
                 ^
make: *** [src/main.o] Fejl 1
09:44:38 **** Auto Build of configuration Debug for project MoveTest ****
make all 
Building file: ../src/main.cc
Invoking: ARM g++ compiler
arm-xilinx-eabi-g++ -Wall -O0 -g3 -c -fmessage-length=0 -MT"src/main.o" -I../../standalone_bsp_0/ps7_cortexa9_0/include -MMD -MP -MF"src/main.d" -MT"src/main.d" -o "src/main.o" "../src/main.cc"
../src/main.cc: In function 'int main()':
../src/main.cc:17:16: error: no matching function for call to 'MoveController::initMotor()'
  MC->initMotor();
                ^
../src/main.cc:17:16: note: candidate is:
In file included from ../src/main.cc:6:0:
../src/move.h:29:7: note: void MoveController::initMotor(XMotorctrl*)
 
       ^
../src/move.h:29:7: note:   candidate expects 1 argument, 0 provided
make: *** [src/main.o] Fejl 1
09:44:49 **** Auto Build of configuration Debug for project MoveTest ****
make all 
Building file: ../src/main.cc
Invoking: ARM g++ compiler
arm-xilinx-eabi-g++ -Wall -O0 -g3 -c -fmessage-length=0 -MT"src/main.o" -I../../standalone_bsp_0/ps7_cortexa9_0/include -MMD -MP -MF"src/main.d" -MT"src/main.d" -o "src/main.o" "../src/main.cc"
Finished building: ../src/main.cc
 
Building file: ../src/move.cpp
Invoking: ARM g++ compiler
arm-xilinx-eabi-g++ -Wall -O0 -g3 -c -fmessage-length=0 -MT"src/move.o" -I../../standalone_bsp_0/ps7_cortexa9_0/include -MMD -MP -MF"src/move.d" -MT"src/move.d" -o "src/move.o" "../src/move.cpp"
../src/move.cpp: In member function 'void MoveController::initMotor()':
../src/move.cpp:76:7: error: base operand of '->' has non-pointer type 'XMotorctrl'
  motor->IsReady = XIL_COMPONENT_IS_READY;
       ^
../src/move.cpp:77:7: error: base operand of '->' has non-pointer type 'XMotorctrl'
  motor->Slv0_BaseAddress = XPAR_MOTORCTRL_0_S_AXI_SLV0_BASEADDR;
       ^
../src/move.cpp:79:29: error: cannot convert 'XMotorctrl' to 'XMotorctrl*' for argument '1' to 'void XMotorctrl_SetPwmr(XMotorctrl*, u32)'
  XMotorctrl_SetPwmr(motor, 0);
                             ^
../src/move.cpp:80:29: error: cannot convert 'XMotorctrl' to 'XMotorctrl*' for argument '1' to 'void XMotorctrl_SetPwml(XMotorctrl*, u32)'
  XMotorctrl_SetPwml(motor, 0);
                             ^
../src/move.cpp:81:34: error: cannot convert 'XMotorctrl' to 'XMotorctrl*' for argument '1' to 'void XMotorctrl_SetDirection(XMotorctrl*, u32)'
  XMotorctrl_SetDirection(motor, 0);
                                  ^
make: *** [src/move.o] Fejl 1
09:44:55 **** Incremental Build of configuration Release for project MyFirstFSBL ****
make all 
make: Ingenting at gøre for 'all'.
09:44:55 **** Incremental Build of configuration Debug for project MoveTest ****
make all 
Building file: ../src/move.cpp
Invoking: ARM g++ compiler
arm-xilinx-eabi-g++ -Wall -O0 -g3 -c -fmessage-length=0 -MT"src/move.o" -I../../standalone_bsp_0/ps7_cortexa9_0/include -MMD -MP -MF"src/move.d" -MT"src/move.d" -o "src/move.o" "../src/move.cpp"
../src/move.cpp: In member function 'void MoveController::initMotor()':
../src/move.cpp:76:7: error: base operand of '->' has non-pointer type 'XMotorctrl'
  motor->IsReady = XIL_COMPONENT_IS_READY;
       ^
../src/move.cpp:77:7: error: base operand of '->' has non-pointer type 'XMotorctrl'
  motor->Slv0_BaseAddress = XPAR_MOTORCTRL_0_S_AXI_SLV0_BASEADDR;
       ^
../src/move.cpp:79:29: error: cannot convert 'XMotorctrl' to 'XMotorctrl*' for argument '1' to 'void XMotorctrl_SetPwmr(XMotorctrl*, u32)'
  XMotorctrl_SetPwmr(motor, 0);
                             ^
../src/move.cpp:80:29: error: cannot convert 'XMotorctrl' to 'XMotorctrl*' for argument '1' to 'void XMotorctrl_SetPwml(XMotorctrl*, u32)'
  XMotorctrl_SetPwml(motor, 0);
                             ^
../src/move.cpp:81:34: error: cannot convert 'XMotorctrl' to 'XMotorctrl*' for argument '1' to 'void XMotorctrl_SetDirection(XMotorctrl*, u32)'
  XMotorctrl_SetDirection(motor, 0);
                                  ^
make: *** [src/move.o] Fejl 1
09:45:22 **** Incremental Build of configuration Release for project MyFirstFSBL ****
make all 
make: Ingenting at gøre for 'all'.
09:45:23 **** Incremental Build of configuration Debug for project MoveTest ****
make all 
Building file: ../src/move.cpp
Invoking: ARM g++ compiler
arm-xilinx-eabi-g++ -Wall -O0 -g3 -c -fmessage-length=0 -MT"src/move.o" -I../../standalone_bsp_0/ps7_cortexa9_0/include -MMD -MP -MF"src/move.d" -MT"src/move.d" -o "src/move.o" "../src/move.cpp"
../src/move.cpp: In member function 'void MoveController::initMotor()':
../src/move.cpp:76:7: error: base operand of '->' has non-pointer type 'XMotorctrl'
  motor->IsReady = XIL_COMPONENT_IS_READY;
       ^
../src/move.cpp:77:7: error: base operand of '->' has non-pointer type 'XMotorctrl'
  motor->Slv0_BaseAddress = XPAR_MOTORCTRL_0_S_AXI_SLV0_BASEADDR;
       ^
../src/move.cpp:79:29: error: cannot convert 'XMotorctrl' to 'XMotorctrl*' for argument '1' to 'void XMotorctrl_SetPwmr(XMotorctrl*, u32)'
  XMotorctrl_SetPwmr(motor, 0);
                             ^
../src/move.cpp:80:29: error: cannot convert 'XMotorctrl' to 'XMotorctrl*' for argument '1' to 'void XMotorctrl_SetPwml(XMotorctrl*, u32)'
  XMotorctrl_SetPwml(motor, 0);
                             ^
../src/move.cpp:81:34: error: cannot convert 'XMotorctrl' to 'XMotorctrl*' for argument '1' to 'void XMotorctrl_SetDirection(XMotorctrl*, u32)'
  XMotorctrl_SetDirection(motor, 0);
                                  ^
make: *** [src/move.o] Fejl 1
09:45:36 **** Auto Build of configuration Debug for project MoveTest ****
make all 
Building file: ../src/move.cpp
Invoking: ARM g++ compiler
arm-xilinx-eabi-g++ -Wall -O0 -g3 -c -fmessage-length=0 -MT"src/move.o" -I../../standalone_bsp_0/ps7_cortexa9_0/include -MMD -MP -MF"src/move.d" -MT"src/move.d" -o "src/move.o" "../src/move.cpp"
../src/move.cpp: In member function 'void MoveController::initMotor()':
../src/move.cpp:76:8: error: base operand of '->' has non-pointer type 'XMotorctrl'
  &motor->IsReady = XIL_COMPONENT_IS_READY;
        ^
../src/move.cpp:77:7: error: base operand of '->' has non-pointer type 'XMotorctrl'
  motor->Slv0_BaseAddress = XPAR_MOTORCTRL_0_S_AXI_SLV0_BASEADDR;
       ^
../src/move.cpp:79:29: error: cannot convert 'XMotorctrl' to 'XMotorctrl*' for argument '1' to 'void XMotorctrl_SetPwmr(XMotorctrl*, u32)'
  XMotorctrl_SetPwmr(motor, 0);
                             ^
../src/move.cpp:80:29: error: cannot convert 'XMotorctrl' to 'XMotorctrl*' for argument '1' to 'void XMotorctrl_SetPwml(XMotorctrl*, u32)'
  XMotorctrl_SetPwml(motor, 0);
                             ^
../src/move.cpp:81:34: error: cannot convert 'XMotorctrl' to 'XMotorctrl*' for argument '1' to 'void XMotorctrl_SetDirection(XMotorctrl*, u32)'
  XMotorctrl_SetDirection(motor, 0);
                                  ^
make: *** [src/move.o] Fejl 1
09:45:49 **** Auto Build of configuration Debug for project MoveTest ****
make all 
Building file: ../src/move.cpp
Invoking: ARM g++ compiler
arm-xilinx-eabi-g++ -Wall -O0 -g3 -c -fmessage-length=0 -MT"src/move.o" -I../../standalone_bsp_0/ps7_cortexa9_0/include -MMD -MP -MF"src/move.d" -MT"src/move.d" -o "src/move.o" "../src/move.cpp"
../src/move.cpp: In member function 'void MoveController::initMotor()':
../src/move.cpp:76:8: error: base operand of '->' has non-pointer type 'XMotorctrl'
  &motor->IsReady = XIL_COMPONENT_IS_READY;
        ^
../src/move.cpp:77:8: error: base operand of '->' has non-pointer type 'XMotorctrl'
  &motor->Slv0_BaseAddress = XPAR_MOTORCTRL_0_S_AXI_SLV0_BASEADDR;
        ^
make: *** [src/move.o] Fejl 1
09:46:07 **** Auto Build of configuration Debug for project MoveTest ****
make all 
Building file: ../src/move.cpp
Invoking: ARM g++ compiler
arm-xilinx-eabi-g++ -Wall -O0 -g3 -c -fmessage-length=0 -MT"src/move.o" -I../../standalone_bsp_0/ps7_cortexa9_0/include -MMD -MP -MF"src/move.d" -MT"src/move.d" -o "src/move.o" "../src/move.cpp"
../src/move.cpp: In member function 'void MoveController::initMotor()':
../src/move.cpp:76:17: error: lvalue required as left operand of assignment
  &motor.IsReady = XIL_COMPONENT_IS_READY;
                 ^
../src/move.cpp:77:26: error: lvalue required as left operand of assignment
  &motor.Slv0_BaseAddress = XPAR_MOTORCTRL_0_S_AXI_SLV0_BASEADDR;
                          ^
make: *** [src/move.o] Fejl 1
09:46:27 **** Auto Build of configuration Debug for project MoveTest ****
make all 
Building file: ../src/move.cpp
Invoking: ARM g++ compiler
arm-xilinx-eabi-g++ -Wall -O0 -g3 -c -fmessage-length=0 -MT"src/move.o" -I../../standalone_bsp_0/ps7_cortexa9_0/include -MMD -MP -MF"src/move.d" -MT"src/move.d" -o "src/move.o" "../src/move.cpp"
../src/move.cpp: In member function 'void MoveController::initMotor()':
../src/move.cpp:77:2: error: expected ';' before 'motor'
  motor.Slv0_BaseAddress = XPAR_MOTORCTRL_0_S_AXI_SLV0_BASEADDR;
  ^
make: *** [src/move.o] Fejl 1
09:46:30 **** Auto Build of configuration Debug for project MoveTest ****
make all 
Building file: ../src/move.cpp
Invoking: ARM g++ compiler
arm-xilinx-eabi-g++ -Wall -O0 -g3 -c -fmessage-length=0 -MT"src/move.o" -I../../standalone_bsp_0/ps7_cortexa9_0/include -MMD -MP -MF"src/move.d" -MT"src/move.d" -o "src/move.o" "../src/move.cpp"
../src/move.cpp: In member function 'void MoveController::initMotor()':
../src/move.cpp:77:2: error: expected ';' before 'motor'
  motor.Slv0_BaseAddress = XPAR_MOTORCTRL_0_S_AXI_SLV0_BASEADDR;
  ^
make: *** [src/move.o] Fejl 1
09:46:36 **** Auto Build of configuration Debug for project MoveTest ****
make all 
Building file: ../src/move.cpp
Invoking: ARM g++ compiler
arm-xilinx-eabi-g++ -Wall -O0 -g3 -c -fmessage-length=0 -MT"src/move.o" -I../../standalone_bsp_0/ps7_cortexa9_0/include -MMD -MP -MF"src/move.d" -MT"src/move.d" -o "src/move.o" "../src/move.cpp"
Finished building: ../src/move.cpp
 
Building target: MoveTest.elf
Invoking: ARM g++ linker
arm-xilinx-eabi-g++ -Wl,-T -Wl,../src/lscript.ld -L../../standalone_bsp_0/ps7_cortexa9_0/lib -o "MoveTest.elf"  ./src/main.o ./src/move.o   -Wl,--start-group,-lxil,-lgcc,-lc,-lstdc++,--end-group -Wl,--start-group,-lxilffs,-lxil,-lgcc,-lc,--end-group -Wl,--start-group,-lrsa,-lxil,-lgcc,-lc,--end-group
Finished building target: MoveTest.elf
 
Invoking: ARM Print Size
arm-xilinx-eabi-size MoveTest.elf  |tee "MoveTest.elf.size"
   text	   data	    bss	    dec	    hex	filename
 117928	   2344	  25200	 145472	  23840	MoveTest.elf
Finished building: MoveTest.elf.size
 
09:46:41 **** Incremental Build of configuration Release for project MyFirstFSBL ****
make all 
make: Ingenting at gøre for 'all'.
09:46:41 **** Incremental Build of configuration Debug for project MoveTest ****
make all 
make: Ingenting at gøre for 'all'.
09:47:38 **** Auto Build of configuration Debug for project MoveTest ****
make all 
Building file: ../src/main.cc
Invoking: ARM g++ compiler
arm-xilinx-eabi-g++ -Wall -O0 -g3 -c -fmessage-length=0 -MT"src/main.o" -I../../standalone_bsp_0/ps7_cortexa9_0/include -MMD -MP -MF"src/main.d" -MT"src/main.d" -o "src/main.o" "../src/main.cc"
Finished building: ../src/main.cc
 
Building file: ../src/move.cpp
Invoking: ARM g++ compiler
arm-xilinx-eabi-g++ -Wall -O0 -g3 -c -fmessage-length=0 -MT"src/move.o" -I../../standalone_bsp_0/ps7_cortexa9_0/include -MMD -MP -MF"src/move.d" -MT"src/move.d" -o "src/move.o" "../src/move.cpp"
Finished building: ../src/move.cpp
 
Building target: MoveTest.elf
Invoking: ARM g++ linker
arm-xilinx-eabi-g++ -Wl,-T -Wl,../src/lscript.ld -L../../standalone_bsp_0/ps7_cortexa9_0/lib -o "MoveTest.elf"  ./src/main.o ./src/move.o   -Wl,--start-group,-lxil,-lgcc,-lc,-lstdc++,--end-group -Wl,--start-group,-lxilffs,-lxil,-lgcc,-lc,--end-group -Wl,--start-group,-lrsa,-lxil,-lgcc,-lc,--end-group
Finished building target: MoveTest.elf
 
Invoking: ARM Print Size
arm-xilinx-eabi-size MoveTest.elf  |tee "MoveTest.elf.size"
   text	   data	    bss	    dec	    hex	filename
 117864	   2344	  25200	 145408	  23800	MoveTest.elf
Finished building: MoveTest.elf.size
 
09:50:44 **** Auto Build of configuration Debug for project MoveTest ****
make all 
Building file: ../src/main.cc
Invoking: ARM g++ compiler
arm-xilinx-eabi-g++ -Wall -O0 -g3 -c -fmessage-length=0 -MT"src/main.o" -I../../standalone_bsp_0/ps7_cortexa9_0/include -MMD -MP -MF"src/main.d" -MT"src/main.d" -o "src/main.o" "../src/main.cc"
Finished building: ../src/main.cc
 
Building file: ../src/move.cpp
Invoking: ARM g++ compiler
arm-xilinx-eabi-g++ -Wall -O0 -g3 -c -fmessage-length=0 -MT"src/move.o" -I../../standalone_bsp_0/ps7_cortexa9_0/include -MMD -MP -MF"src/move.d" -MT"src/move.d" -o "src/move.o" "../src/move.cpp"
Finished building: ../src/move.cpp
 
Building target: MoveTest.elf
Invoking: ARM g++ linker
arm-xilinx-eabi-g++ -Wl,-T -Wl,../src/lscript.ld -L../../standalone_bsp_0/ps7_cortexa9_0/lib -o "MoveTest.elf"  ./src/main.o ./src/move.o   -Wl,--start-group,-lxil,-lgcc,-lc,-lstdc++,--end-group -Wl,--start-group,-lxilffs,-lxil,-lgcc,-lc,--end-group -Wl,--start-group,-lrsa,-lxil,-lgcc,-lc,--end-group
Finished building target: MoveTest.elf
 
Invoking: ARM Print Size
arm-xilinx-eabi-size MoveTest.elf  |tee "MoveTest.elf.size"
   text	   data	    bss	    dec	    hex	filename
 117928	   2344	  25200	 145472	  23840	MoveTest.elf
Finished building: MoveTest.elf.size
 
09:52:13 **** Auto Build of configuration Debug for project MoveTest ****
make all 
Building file: ../src/move.cpp
Invoking: ARM g++ compiler
arm-xilinx-eabi-g++ -Wall -O0 -g3 -c -fmessage-length=0 -MT"src/move.o" -I../../standalone_bsp_0/ps7_cortexa9_0/include -MMD -MP -MF"src/move.d" -MT"src/move.d" -o "src/move.o" "../src/move.cpp"
Finished building: ../src/move.cpp
 
Building target: MoveTest.elf
Invoking: ARM g++ linker
arm-xilinx-eabi-g++ -Wl,-T -Wl,../src/lscript.ld -L../../standalone_bsp_0/ps7_cortexa9_0/lib -o "MoveTest.elf"  ./src/main.o ./src/move.o   -Wl,--start-group,-lxil,-lgcc,-lc,-lstdc++,--end-group -Wl,--start-group,-lxilffs,-lxil,-lgcc,-lc,--end-group -Wl,--start-group,-lrsa,-lxil,-lgcc,-lc,--end-group
Finished building target: MoveTest.elf
 
Invoking: ARM Print Size
arm-xilinx-eabi-size MoveTest.elf  |tee "MoveTest.elf.size"
   text	   data	    bss	    dec	    hex	filename
 117960	   2344	  25200	 145504	  23860	MoveTest.elf
Finished building: MoveTest.elf.size
 
09:52:16 **** Incremental Build of configuration Release for project MyFirstFSBL ****
make all 
make: Ingenting at gøre for 'all'.
09:52:17 **** Incremental Build of configuration Debug for project MoveTest ****
make all 
make: Ingenting at gøre for 'all'.
09:52:48 **** Incremental Build of configuration Release for project MyFirstFSBL ****
make all 
make: Ingenting at gøre for 'all'.
09:52:49 **** Incremental Build of configuration Debug for project MoveTest ****
make all 
make: Ingenting at gøre for 'all'.
09:53:55 **** Incremental Build of configuration Release for project MyFirstFSBL ****
make all 
make: Ingenting at gøre for 'all'.
09:53:56 **** Incremental Build of configuration Debug for project MoveTest ****
make all 
make: Ingenting at gøre for 'all'.
10:00:27 **** Auto Build of configuration Debug for project MoveTest ****
make all 
Building file: ../src/move.cpp
Invoking: ARM g++ compiler
arm-xilinx-eabi-g++ -Wall -O0 -g3 -c -fmessage-length=0 -MT"src/move.o" -I../../standalone_bsp_0/ps7_cortexa9_0/include -MMD -MP -MF"src/move.d" -MT"src/move.d" -o "src/move.o" "../src/move.cpp"
../src/move.cpp: In member function 'void MoveController::move(float, int, float)':
../src/move.cpp:67:2: error: 'moveTime' was not declared in this scope
  moveTime = distance * MOVERATE50 * ONE_SECOND;
  ^
make: *** [src/move.o] Fejl 1
10:00:30 **** Auto Build of configuration Debug for project MoveTest ****
make all 
Building file: ../src/move.cpp
Invoking: ARM g++ compiler
arm-xilinx-eabi-g++ -Wall -O0 -g3 -c -fmessage-length=0 -MT"src/move.o" -I../../standalone_bsp_0/ps7_cortexa9_0/include -MMD -MP -MF"src/move.d" -MT"src/move.d" -o "src/move.o" "../src/move.cpp"
../src/move.cpp: In member function 'void MoveController::move(float, int, float)':
../src/move.cpp:66:2: error: 'moveTime' was not declared in this scope
  moveTime = distance * MOVERATE50 * ONE_SECOND;
  ^
make: *** [src/move.o] Fejl 1
10:00:31 **** Incremental Build of configuration Release for project MyFirstFSBL ****
make all 
make: Ingenting at gøre for 'all'.
10:00:32 **** Incremental Build of configuration Debug for project MoveTest ****
make all 
Building file: ../src/move.cpp
Invoking: ARM g++ compiler
arm-xilinx-eabi-g++ -Wall -O0 -g3 -c -fmessage-length=0 -MT"src/move.o" -I../../standalone_bsp_0/ps7_cortexa9_0/include -MMD -MP -MF"src/move.d" -MT"src/move.d" -o "src/move.o" "../src/move.cpp"
../src/move.cpp: In member function 'void MoveController::move(float, int, float)':
../src/move.cpp:66:2: error: 'moveTime' was not declared in this scope
  moveTime = distance * MOVERATE50 * ONE_SECOND;
  ^
make: *** [src/move.o] Fejl 1
10:01:16 **** Incremental Build of configuration Release for project MyFirstFSBL ****
make all 
make: Ingenting at gøre for 'all'.
10:01:17 **** Incremental Build of configuration Debug for project MoveTest ****
make all 
Building file: ../src/move.cpp
Invoking: ARM g++ compiler
arm-xilinx-eabi-g++ -Wall -O0 -g3 -c -fmessage-length=0 -MT"src/move.o" -I../../standalone_bsp_0/ps7_cortexa9_0/include -MMD -MP -MF"src/move.d" -MT"src/move.d" -o "src/move.o" "../src/move.cpp"
../src/move.cpp: In member function 'void MoveController::move(float, int, float)':
../src/move.cpp:66:2: error: 'moveTime' was not declared in this scope
  moveTime = distance * MOVERATE50 * ONE_SECOND;
  ^
make: *** [src/move.o] Fejl 1
10:01:56 **** Incremental Build of configuration Release for project MyFirstFSBL ****
make all 
make: Ingenting at gøre for 'all'.
10:01:57 **** Incremental Build of configuration Debug for project MoveTest ****
make all 
Building file: ../src/move.cpp
Invoking: ARM g++ compiler
arm-xilinx-eabi-g++ -Wall -O0 -g3 -c -fmessage-length=0 -MT"src/move.o" -I../../standalone_bsp_0/ps7_cortexa9_0/include -MMD -MP -MF"src/move.d" -MT"src/move.d" -o "src/move.o" "../src/move.cpp"
../src/move.cpp: In member function 'void MoveController::move(float, int, float)':
../src/move.cpp:66:2: error: 'moveTime' was not declared in this scope
  moveTime = distance * MOVERATE50 * ONE_SECOND;
  ^
make: *** [src/move.o] Fejl 1
10:02:40 **** Auto Build of configuration Debug for project MoveTest ****
make all 
Building file: ../src/move.cpp
Invoking: ARM g++ compiler
arm-xilinx-eabi-g++ -Wall -O0 -g3 -c -fmessage-length=0 -MT"src/move.o" -I../../standalone_bsp_0/ps7_cortexa9_0/include -MMD -MP -MF"src/move.d" -MT"src/move.d" -o "src/move.o" "../src/move.cpp"
Finished building: ../src/move.cpp
 
Building target: MoveTest.elf
Invoking: ARM g++ linker
arm-xilinx-eabi-g++ -Wl,-T -Wl,../src/lscript.ld -L../../standalone_bsp_0/ps7_cortexa9_0/lib -o "MoveTest.elf"  ./src/main.o ./src/move.o   -Wl,--start-group,-lxil,-lgcc,-lc,-lstdc++,--end-group -Wl,--start-group,-lxilffs,-lxil,-lgcc,-lc,--end-group -Wl,--start-group,-lrsa,-lxil,-lgcc,-lc,--end-group
Finished building target: MoveTest.elf
 
Invoking: ARM Print Size
arm-xilinx-eabi-size MoveTest.elf  |tee "MoveTest.elf.size"
   text	   data	    bss	    dec	    hex	filename
 116796	   2340	  25200	 144336	  233d0	MoveTest.elf
Finished building: MoveTest.elf.size
 
10:02:46 **** Incremental Build of configuration Release for project MyFirstFSBL ****
make all 
make: Ingenting at gøre for 'all'.
10:02:46 **** Incremental Build of configuration Debug for project MoveTest ****
make all 
make: Ingenting at gøre for 'all'.
10:04:41 **** Incremental Build of configuration Release for project MyFirstFSBL ****
make all 
make: Ingenting at gøre for 'all'.
10:04:42 **** Incremental Build of configuration Debug for project MoveTest ****
make all 
make: Ingenting at gøre for 'all'.
10:05:12 **** Incremental Build of configuration Release for project MyFirstFSBL ****
make all 
make: Ingenting at gøre for 'all'.
10:05:12 **** Incremental Build of configuration Debug for project MoveTest ****
make all 
make: Ingenting at gøre for 'all'.
10:05:35 **** Incremental Build of configuration Release for project MyFirstFSBL ****
make all 
make: Ingenting at gøre for 'all'.
10:05:35 **** Incremental Build of configuration Debug for project MoveTest ****
make all 
make: Ingenting at gøre for 'all'.
10:09:20 **** Auto Build of configuration Debug for project MoveTest ****
make all 
Building file: ../src/move.cpp
Invoking: ARM g++ compiler
arm-xilinx-eabi-g++ -Wall -O0 -g3 -c -fmessage-length=0 -MT"src/move.o" -I../../standalone_bsp_0/ps7_cortexa9_0/include -MMD -MP -MF"src/move.d" -MT"src/move.d" -o "src/move.o" "../src/move.cpp"
Finished building: ../src/move.cpp
 
Building target: MoveTest.elf
Invoking: ARM g++ linker
arm-xilinx-eabi-g++ -Wl,-T -Wl,../src/lscript.ld -L../../standalone_bsp_0/ps7_cortexa9_0/lib -o "MoveTest.elf"  ./src/main.o ./src/move.o   -Wl,--start-group,-lxil,-lgcc,-lc,-lstdc++,--end-group -Wl,--start-group,-lxilffs,-lxil,-lgcc,-lc,--end-group -Wl,--start-group,-lrsa,-lxil,-lgcc,-lc,--end-group
Finished building target: MoveTest.elf
 
Invoking: ARM Print Size
arm-xilinx-eabi-size MoveTest.elf  |tee "MoveTest.elf.size"
   text	   data	    bss	    dec	    hex	filename
 116860	   2340	  25200	 144400	  23410	MoveTest.elf
Finished building: MoveTest.elf.size
 
10:09:26 **** Incremental Build of configuration Release for project MyFirstFSBL ****
make all 
make: Ingenting at gøre for 'all'.
10:09:27 **** Incremental Build of configuration Debug for project MoveTest ****
make all 
make: Ingenting at gøre for 'all'.
10:13:24 **** Auto Build of configuration Debug for project MoveTest ****
make all 
Building file: ../src/main.cc
Invoking: ARM g++ compiler
arm-xilinx-eabi-g++ -Wall -O0 -g3 -c -fmessage-length=0 -MT"src/main.o" -I../../standalone_bsp_0/ps7_cortexa9_0/include -MMD -MP -MF"src/main.d" -MT"src/main.d" -o "src/main.o" "../src/main.cc"
Finished building: ../src/main.cc
 
Building file: ../src/move.cpp
Invoking: ARM g++ compiler
arm-xilinx-eabi-g++ -Wall -O0 -g3 -c -fmessage-length=0 -MT"src/move.o" -I../../standalone_bsp_0/ps7_cortexa9_0/include -MMD -MP -MF"src/move.d" -MT"src/move.d" -o "src/move.o" "../src/move.cpp"
Finished building: ../src/move.cpp
 
Building target: MoveTest.elf
Invoking: ARM g++ linker
arm-xilinx-eabi-g++ -Wl,-T -Wl,../src/lscript.ld -L../../standalone_bsp_0/ps7_cortexa9_0/lib -o "MoveTest.elf"  ./src/main.o ./src/move.o   -Wl,--start-group,-lxil,-lgcc,-lc,-lstdc++,--end-group -Wl,--start-group,-lxilffs,-lxil,-lgcc,-lc,--end-group -Wl,--start-group,-lrsa,-lxil,-lgcc,-lc,--end-group
Finished building target: MoveTest.elf
 
Invoking: ARM Print Size
arm-xilinx-eabi-size MoveTest.elf  |tee "MoveTest.elf.size"
   text	   data	    bss	    dec	    hex	filename
 116860	   2340	  25200	 144400	  23410	MoveTest.elf
Finished building: MoveTest.elf.size
 
10:13:27 **** Auto Build of configuration Debug for project MoveTest ****
make all 
Building file: ../src/move.cpp
Invoking: ARM g++ compiler
arm-xilinx-eabi-g++ -Wall -O0 -g3 -c -fmessage-length=0 -MT"src/move.o" -I../../standalone_bsp_0/ps7_cortexa9_0/include -MMD -MP -MF"src/move.d" -MT"src/move.d" -o "src/move.o" "../src/move.cpp"
Finished building: ../src/move.cpp
 
Building target: MoveTest.elf
Invoking: ARM g++ linker
arm-xilinx-eabi-g++ -Wl,-T -Wl,../src/lscript.ld -L../../standalone_bsp_0/ps7_cortexa9_0/lib -o "MoveTest.elf"  ./src/main.o ./src/move.o   -Wl,--start-group,-lxil,-lgcc,-lc,-lstdc++,--end-group -Wl,--start-group,-lxilffs,-lxil,-lgcc,-lc,--end-group -Wl,--start-group,-lrsa,-lxil,-lgcc,-lc,--end-group
Finished building target: MoveTest.elf
 
Invoking: ARM Print Size
arm-xilinx-eabi-size MoveTest.elf  |tee "MoveTest.elf.size"
   text	   data	    bss	    dec	    hex	filename
 116860	   2340	  25200	 144400	  23410	MoveTest.elf
Finished building: MoveTest.elf.size
 
10:13:35 **** Incremental Build of configuration Release for project MyFirstFSBL ****
make all 
make: Ingenting at gøre for 'all'.
10:13:35 **** Incremental Build of configuration Debug for project MoveTest ****
make all 
make: Ingenting at gøre for 'all'.
10:15:19 **** Auto Build of configuration Debug for project MoveTest ****
make all 
Building file: ../src/move.cpp
Invoking: ARM g++ compiler
arm-xilinx-eabi-g++ -Wall -O0 -g3 -c -fmessage-length=0 -MT"src/move.o" -I../../standalone_bsp_0/ps7_cortexa9_0/include -MMD -MP -MF"src/move.d" -MT"src/move.d" -o "src/move.o" "../src/move.cpp"
Finished building: ../src/move.cpp
 
Building target: MoveTest.elf
Invoking: ARM g++ linker
arm-xilinx-eabi-g++ -Wl,-T -Wl,../src/lscript.ld -L../../standalone_bsp_0/ps7_cortexa9_0/lib -o "MoveTest.elf"  ./src/main.o ./src/move.o   -Wl,--start-group,-lxil,-lgcc,-lc,-lstdc++,--end-group -Wl,--start-group,-lxilffs,-lxil,-lgcc,-lc,--end-group -Wl,--start-group,-lrsa,-lxil,-lgcc,-lc,--end-group
Finished building target: MoveTest.elf
 
Invoking: ARM Print Size
arm-xilinx-eabi-size MoveTest.elf  |tee "MoveTest.elf.size"
   text	   data	    bss	    dec	    hex	filename
 116860	   2340	  25200	 144400	  23410	MoveTest.elf
Finished building: MoveTest.elf.size
 
10:15:25 **** Incremental Build of configuration Release for project MyFirstFSBL ****
make all 
make: Ingenting at gøre for 'all'.
10:15:25 **** Incremental Build of configuration Debug for project MoveTest ****
make all 
make: Ingenting at gøre for 'all'.
10:15:58 **** Incremental Build of configuration Release for project MyFirstFSBL ****
make all 
make: Ingenting at gøre for 'all'.
10:15:58 **** Incremental Build of configuration Debug for project MoveTest ****
make all 
make: Ingenting at gøre for 'all'.
10:16:25 **** Incremental Build of configuration Release for project MyFirstFSBL ****
make all 
make: Ingenting at gøre for 'all'.
10:16:25 **** Incremental Build of configuration Debug for project MoveTest ****
make all 
make: Ingenting at gøre for 'all'.
10:17:44 **** Incremental Build of configuration Release for project MyFirstFSBL ****
make all 
make: Ingenting at gøre for 'all'.
10:17:44 **** Incremental Build of configuration Debug for project MoveTest ****
make all 
make: Ingenting at gøre for 'all'.
10:22:38 **** Auto Build of configuration Debug for project MoveTest ****
make all 
Building file: ../src/main.cc
Invoking: ARM g++ compiler
arm-xilinx-eabi-g++ -Wall -O0 -g3 -c -fmessage-length=0 -MT"src/main.o" -I../../standalone_bsp_0/ps7_cortexa9_0/include -MMD -MP -MF"src/main.d" -MT"src/main.d" -o "src/main.o" "../src/main.cc"
Finished building: ../src/main.cc
 
Building file: ../src/move.cpp
Invoking: ARM g++ compiler
arm-xilinx-eabi-g++ -Wall -O0 -g3 -c -fmessage-length=0 -MT"src/move.o" -I../../standalone_bsp_0/ps7_cortexa9_0/include -MMD -MP -MF"src/move.d" -MT"src/move.d" -o "src/move.o" "../src/move.cpp"
Finished building: ../src/move.cpp
 
Building target: MoveTest.elf
Invoking: ARM g++ linker
arm-xilinx-eabi-g++ -Wl,-T -Wl,../src/lscript.ld -L../../standalone_bsp_0/ps7_cortexa9_0/lib -o "MoveTest.elf"  ./src/main.o ./src/move.o   -Wl,--start-group,-lxil,-lgcc,-lc,-lstdc++,--end-group -Wl,--start-group,-lxilffs,-lxil,-lgcc,-lc,--end-group -Wl,--start-group,-lrsa,-lxil,-lgcc,-lc,--end-group
Finished building target: MoveTest.elf
 
Invoking: ARM Print Size
arm-xilinx-eabi-size MoveTest.elf  |tee "MoveTest.elf.size"
   text	   data	    bss	    dec	    hex	filename
 116860	   2340	  25200	 144400	  23410	MoveTest.elf
Finished building: MoveTest.elf.size
 
10:24:28 **** Incremental Build of configuration Release for project MyFirstFSBL ****
make all 
make: Ingenting at gøre for 'all'.
10:24:28 **** Incremental Build of configuration Debug for project MoveTest ****
make all 
make: Ingenting at gøre for 'all'.
10:25:27 **** Auto Build of configuration Debug for project MoveTest ****
make all 
Building file: ../src/main.cc
Invoking: ARM g++ compiler
arm-xilinx-eabi-g++ -Wall -O0 -g3 -c -fmessage-length=0 -MT"src/main.o" -I../../standalone_bsp_0/ps7_cortexa9_0/include -MMD -MP -MF"src/main.d" -MT"src/main.d" -o "src/main.o" "../src/main.cc"
Finished building: ../src/main.cc
 
Building file: ../src/move.cpp
Invoking: ARM g++ compiler
arm-xilinx-eabi-g++ -Wall -O0 -g3 -c -fmessage-length=0 -MT"src/move.o" -I../../standalone_bsp_0/ps7_cortexa9_0/include -MMD -MP -MF"src/move.d" -MT"src/move.d" -o "src/move.o" "../src/move.cpp"
Finished building: ../src/move.cpp
 
Building target: MoveTest.elf
Invoking: ARM g++ linker
arm-xilinx-eabi-g++ -Wl,-T -Wl,../src/lscript.ld -L../../standalone_bsp_0/ps7_cortexa9_0/lib -o "MoveTest.elf"  ./src/main.o ./src/move.o   -Wl,--start-group,-lxil,-lgcc,-lc,-lstdc++,--end-group -Wl,--start-group,-lxilffs,-lxil,-lgcc,-lc,--end-group -Wl,--start-group,-lrsa,-lxil,-lgcc,-lc,--end-group
Finished building target: MoveTest.elf
 
Invoking: ARM Print Size
arm-xilinx-eabi-size MoveTest.elf  |tee "MoveTest.elf.size"
   text	   data	    bss	    dec	    hex	filename
 116860	   2340	  25200	 144400	  23410	MoveTest.elf
Finished building: MoveTest.elf.size
 
10:25:40 **** Auto Build of configuration Debug for project MoveTest ****
make all 
Building file: ../src/move.cpp
Invoking: ARM g++ compiler
arm-xilinx-eabi-g++ -Wall -O0 -g3 -c -fmessage-length=0 -MT"src/move.o" -I../../standalone_bsp_0/ps7_cortexa9_0/include -MMD -MP -MF"src/move.d" -MT"src/move.d" -o "src/move.o" "../src/move.cpp"
Finished building: ../src/move.cpp
 
Building target: MoveTest.elf
Invoking: ARM g++ linker
arm-xilinx-eabi-g++ -Wl,-T -Wl,../src/lscript.ld -L../../standalone_bsp_0/ps7_cortexa9_0/lib -o "MoveTest.elf"  ./src/main.o ./src/move.o   -Wl,--start-group,-lxil,-lgcc,-lc,-lstdc++,--end-group -Wl,--start-group,-lxilffs,-lxil,-lgcc,-lc,--end-group -Wl,--start-group,-lrsa,-lxil,-lgcc,-lc,--end-group
Finished building target: MoveTest.elf
 
Invoking: ARM Print Size
arm-xilinx-eabi-size MoveTest.elf  |tee "MoveTest.elf.size"
   text	   data	    bss	    dec	    hex	filename
 116860	   2340	  25200	 144400	  23410	MoveTest.elf
Finished building: MoveTest.elf.size
 
10:25:46 **** Incremental Build of configuration Release for project MyFirstFSBL ****
make all 
make: Ingenting at gøre for 'all'.
10:25:47 **** Incremental Build of configuration Debug for project MoveTest ****
make all 
make: Ingenting at gøre for 'all'.
10:26:01 **** Incremental Build of configuration Release for project MyFirstFSBL ****
make all 
make: Ingenting at gøre for 'all'.
10:26:01 **** Incremental Build of configuration Debug for project MoveTest ****
make all 
make: Ingenting at gøre for 'all'.
10:26:32 **** Auto Build of configuration Debug for project MoveTest ****
make all 
Building file: ../src/move.cpp
Invoking: ARM g++ compiler
arm-xilinx-eabi-g++ -Wall -O0 -g3 -c -fmessage-length=0 -MT"src/move.o" -I../../standalone_bsp_0/ps7_cortexa9_0/include -MMD -MP -MF"src/move.d" -MT"src/move.d" -o "src/move.o" "../src/move.cpp"
Finished building: ../src/move.cpp
 
Building target: MoveTest.elf
Invoking: ARM g++ linker
arm-xilinx-eabi-g++ -Wl,-T -Wl,../src/lscript.ld -L../../standalone_bsp_0/ps7_cortexa9_0/lib -o "MoveTest.elf"  ./src/main.o ./src/move.o   -Wl,--start-group,-lxil,-lgcc,-lc,-lstdc++,--end-group -Wl,--start-group,-lxilffs,-lxil,-lgcc,-lc,--end-group -Wl,--start-group,-lrsa,-lxil,-lgcc,-lc,--end-group
Finished building target: MoveTest.elf
 
Invoking: ARM Print Size
arm-xilinx-eabi-size MoveTest.elf  |tee "MoveTest.elf.size"
   text	   data	    bss	    dec	    hex	filename
 116860	   2340	  25200	 144400	  23410	MoveTest.elf
Finished building: MoveTest.elf.size
 
10:26:33 **** Incremental Build of configuration Release for project MyFirstFSBL ****
make all 
make: Ingenting at gøre for 'all'.
10:26:34 **** Incremental Build of configuration Debug for project MoveTest ****
make all 
make: Ingenting at gøre for 'all'.
10:27:23 **** Auto Build of configuration Debug for project MoveTest ****
make all 
Building file: ../src/main.cc
Invoking: ARM g++ compiler
arm-xilinx-eabi-g++ -Wall -O0 -g3 -c -fmessage-length=0 -MT"src/main.o" -I../../standalone_bsp_0/ps7_cortexa9_0/include -MMD -MP -MF"src/main.d" -MT"src/main.d" -o "src/main.o" "../src/main.cc"
Finished building: ../src/main.cc
 
Building target: MoveTest.elf
Invoking: ARM g++ linker
arm-xilinx-eabi-g++ -Wl,-T -Wl,../src/lscript.ld -L../../standalone_bsp_0/ps7_cortexa9_0/lib -o "MoveTest.elf"  ./src/main.o ./src/move.o   -Wl,--start-group,-lxil,-lgcc,-lc,-lstdc++,--end-group -Wl,--start-group,-lxilffs,-lxil,-lgcc,-lc,--end-group -Wl,--start-group,-lrsa,-lxil,-lgcc,-lc,--end-group
Finished building target: MoveTest.elf
 
Invoking: ARM Print Size
arm-xilinx-eabi-size MoveTest.elf  |tee "MoveTest.elf.size"
   text	   data	    bss	    dec	    hex	filename
 116860	   2340	  25200	 144400	  23410	MoveTest.elf
Finished building: MoveTest.elf.size
 
10:27:28 **** Incremental Build of configuration Release for project MyFirstFSBL ****
make all 
make: Ingenting at gøre for 'all'.
10:27:29 **** Incremental Build of configuration Debug for project MoveTest ****
make all 
make: Ingenting at gøre for 'all'.
10:28:00 **** Auto Build of configuration Debug for project MoveTest ****
make all 
Building file: ../src/move.cpp
Invoking: ARM g++ compiler
arm-xilinx-eabi-g++ -Wall -O0 -g3 -c -fmessage-length=0 -MT"src/move.o" -I../../standalone_bsp_0/ps7_cortexa9_0/include -MMD -MP -MF"src/move.d" -MT"src/move.d" -o "src/move.o" "../src/move.cpp"
Finished building: ../src/move.cpp
 
Building target: MoveTest.elf
Invoking: ARM g++ linker
arm-xilinx-eabi-g++ -Wl,-T -Wl,../src/lscript.ld -L../../standalone_bsp_0/ps7_cortexa9_0/lib -o "MoveTest.elf"  ./src/main.o ./src/move.o   -Wl,--start-group,-lxil,-lgcc,-lc,-lstdc++,--end-group -Wl,--start-group,-lxilffs,-lxil,-lgcc,-lc,--end-group -Wl,--start-group,-lrsa,-lxil,-lgcc,-lc,--end-group
Finished building target: MoveTest.elf
 
Invoking: ARM Print Size
arm-xilinx-eabi-size MoveTest.elf  |tee "MoveTest.elf.size"
   text	   data	    bss	    dec	    hex	filename
 116828	   2340	  25200	 144368	  233f0	MoveTest.elf
Finished building: MoveTest.elf.size
 
10:28:41 **** Auto Build of configuration Debug for project MoveTest ****
make all 
make: Ingenting at gøre for 'all'.
10:34:15 **** Auto Build of configuration Debug for project MoveTest ****
make all 
Building file: ../src/move.cpp
Invoking: ARM g++ compiler
arm-xilinx-eabi-g++ -Wall -O0 -g3 -c -fmessage-length=0 -MT"src/move.o" -I../../standalone_bsp_0/ps7_cortexa9_0/include -MMD -MP -MF"src/move.d" -MT"src/move.d" -o "src/move.o" "../src/move.cpp"
../src/move.cpp: In member function 'void MoveController::initMotor()':
../src/move.cpp:94:34: error: 'ONE_' was not declared in this scope
  ScuTimerWait(TIMER_DEVICE_ID, 5*ONE_)
                                  ^
../src/move.cpp:95:1: error: expected ';' before '}' token
 }
 ^
make: *** [src/move.o] Fejl 1
10:34:49 **** Auto Build of configuration Debug for project MoveTest ****
make all 
Building file: ../src/move.cpp
Invoking: ARM g++ compiler
arm-xilinx-eabi-g++ -Wall -O0 -g3 -c -fmessage-length=0 -MT"src/move.o" -I../../standalone_bsp_0/ps7_cortexa9_0/include -MMD -MP -MF"src/move.d" -MT"src/move.d" -o "src/move.o" "../src/move.cpp"
../src/move.cpp: In member function 'void MoveController::initMotor()':
../src/move.cpp:96:1: error: expected ';' before '}' token
 }
 ^
make: *** [src/move.o] Fejl 1
10:34:53 **** Auto Build of configuration Debug for project MoveTest ****
make all 
Building file: ../src/move.cpp
Invoking: ARM g++ compiler
arm-xilinx-eabi-g++ -Wall -O0 -g3 -c -fmessage-length=0 -MT"src/move.o" -I../../standalone_bsp_0/ps7_cortexa9_0/include -MMD -MP -MF"src/move.d" -MT"src/move.d" -o "src/move.o" "../src/move.cpp"
Finished building: ../src/move.cpp
 
Building target: MoveTest.elf
Invoking: ARM g++ linker
arm-xilinx-eabi-g++ -Wl,-T -Wl,../src/lscript.ld -L../../standalone_bsp_0/ps7_cortexa9_0/lib -o "MoveTest.elf"  ./src/main.o ./src/move.o   -Wl,--start-group,-lxil,-lgcc,-lc,-lstdc++,--end-group -Wl,--start-group,-lxilffs,-lxil,-lgcc,-lc,--end-group -Wl,--start-group,-lrsa,-lxil,-lgcc,-lc,--end-group
Finished building target: MoveTest.elf
 
Invoking: ARM Print Size
arm-xilinx-eabi-size MoveTest.elf  |tee "MoveTest.elf.size"
   text	   data	    bss	    dec	    hex	filename
 116828	   2340	  25200	 144368	  233f0	MoveTest.elf
Finished building: MoveTest.elf.size
 
10:35:02 **** Auto Build of configuration Debug for project MoveTest ****
make all 
Building file: ../src/move.cpp
Invoking: ARM g++ compiler
arm-xilinx-eabi-g++ -Wall -O0 -g3 -c -fmessage-length=0 -MT"src/move.o" -I../../standalone_bsp_0/ps7_cortexa9_0/include -MMD -MP -MF"src/move.d" -MT"src/move.d" -o "src/move.o" "../src/move.cpp"
In file included from ../src/move.cpp:8:0:
../src/move.cpp: In member function 'void MoveController::initMotor()':
../src/move.h:19:20: warning: integer overflow in expression [-Woverflow]
 class MoveController {
                    ^
../src/move.cpp:95:36: note: in expansion of macro 'ONE_SECOND'
  ScuTimerWait(TIMER_DEVICE_ID, (10*ONE_SECOND));
                                    ^
Finished building: ../src/move.cpp
 
Building target: MoveTest.elf
Invoking: ARM g++ linker
arm-xilinx-eabi-g++ -Wl,-T -Wl,../src/lscript.ld -L../../standalone_bsp_0/ps7_cortexa9_0/lib -o "MoveTest.elf"  ./src/main.o ./src/move.o   -Wl,--start-group,-lxil,-lgcc,-lc,-lstdc++,--end-group -Wl,--start-group,-lxilffs,-lxil,-lgcc,-lc,--end-group -Wl,--start-group,-lrsa,-lxil,-lgcc,-lc,--end-group
Finished building target: MoveTest.elf
 
Invoking: ARM Print Size
arm-xilinx-eabi-size MoveTest.elf  |tee "MoveTest.elf.size"
   text	   data	    bss	    dec	    hex	filename
 116828	   2340	  25200	 144368	  233f0	MoveTest.elf
Finished building: MoveTest.elf.size
 
10:35:27 **** Incremental Build of configuration Release for project MyFirstFSBL ****
make all 
make: Ingenting at gøre for 'all'.
10:35:28 **** Incremental Build of configuration Debug for project MoveTest ****
make all 
make: Ingenting at gøre for 'all'.
10:36:20 **** Incremental Build of configuration Release for project MyFirstFSBL ****
make all 
make: Ingenting at gøre for 'all'.
10:36:21 **** Incremental Build of configuration Debug for project MoveTest ****
make all 
make: Ingenting at gøre for 'all'.
10:37:39 **** Incremental Build of configuration Release for project MyFirstFSBL ****
make all 
make: Ingenting at gøre for 'all'.
10:37:40 **** Incremental Build of configuration Debug for project MoveTest ****
make all 
make: Ingenting at gøre for 'all'.
10:38:47 **** Auto Build of configuration Debug for project MoveTest ****
make all 
Building file: ../src/main.cc
Invoking: ARM g++ compiler
arm-xilinx-eabi-g++ -Wall -O0 -g3 -c -fmessage-length=0 -MT"src/main.o" -I../../standalone_bsp_0/ps7_cortexa9_0/include -MMD -MP -MF"src/main.d" -MT"src/main.d" -o "src/main.o" "../src/main.cc"
Finished building: ../src/main.cc
 
Building target: MoveTest.elf
Invoking: ARM g++ linker
arm-xilinx-eabi-g++ -Wl,-T -Wl,../src/lscript.ld -L../../standalone_bsp_0/ps7_cortexa9_0/lib -o "MoveTest.elf"  ./src/main.o ./src/move.o   -Wl,--start-group,-lxil,-lgcc,-lc,-lstdc++,--end-group -Wl,--start-group,-lxilffs,-lxil,-lgcc,-lc,--end-group -Wl,--start-group,-lrsa,-lxil,-lgcc,-lc,--end-group
Finished building target: MoveTest.elf
 
Invoking: ARM Print Size
arm-xilinx-eabi-size MoveTest.elf  |tee "MoveTest.elf.size"
   text	   data	    bss	    dec	    hex	filename
 116828	   2340	  25200	 144368	  233f0	MoveTest.elf
Finished building: MoveTest.elf.size
 
10:38:55 **** Auto Build of configuration Debug for project MoveTest ****
make all 
Building file: ../src/move.cpp
Invoking: ARM g++ compiler
arm-xilinx-eabi-g++ -Wall -O0 -g3 -c -fmessage-length=0 -MT"src/move.o" -I../../standalone_bsp_0/ps7_cortexa9_0/include -MMD -MP -MF"src/move.d" -MT"src/move.d" -o "src/move.o" "../src/move.cpp"
Finished building: ../src/move.cpp
 
Building target: MoveTest.elf
Invoking: ARM g++ linker
arm-xilinx-eabi-g++ -Wl,-T -Wl,../src/lscript.ld -L../../standalone_bsp_0/ps7_cortexa9_0/lib -o "MoveTest.elf"  ./src/main.o ./src/move.o   -Wl,--start-group,-lxil,-lgcc,-lc,-lstdc++,--end-group -Wl,--start-group,-lxilffs,-lxil,-lgcc,-lc,--end-group -Wl,--start-group,-lrsa,-lxil,-lgcc,-lc,--end-group
Finished building target: MoveTest.elf
 
Invoking: ARM Print Size
arm-xilinx-eabi-size MoveTest.elf  |tee "MoveTest.elf.size"
   text	   data	    bss	    dec	    hex	filename
 116828	   2340	  25200	 144368	  233f0	MoveTest.elf
Finished building: MoveTest.elf.size
 
10:38:58 **** Incremental Build of configuration Release for project MyFirstFSBL ****
make all 
make: Ingenting at gøre for 'all'.
10:38:58 **** Incremental Build of configuration Debug for project MoveTest ****
make all 
make: Ingenting at gøre for 'all'.
10:40:16 **** Incremental Build of configuration Release for project MyFirstFSBL ****
make all 
make: Ingenting at gøre for 'all'.
10:40:17 **** Incremental Build of configuration Debug for project MoveTest ****
make all 
make: Ingenting at gøre for 'all'.
10:41:12 **** Incremental Build of configuration Release for project MyFirstFSBL ****
make all 
make: Ingenting at gøre for 'all'.
10:41:12 **** Incremental Build of configuration Debug for project MoveTest ****
make all 
make: Ingenting at gøre for 'all'.
10:41:37 **** Incremental Build of configuration Release for project MyFirstFSBL ****
make all 
make: Ingenting at gøre for 'all'.
10:41:37 **** Incremental Build of configuration Debug for project MoveTest ****
make all 
make: Ingenting at gøre for 'all'.
10:42:06 **** Incremental Build of configuration Release for project MyFirstFSBL ****
make all 
make: Ingenting at gøre for 'all'.
10:42:06 **** Incremental Build of configuration Debug for project MoveTest ****
make all 
make: Ingenting at gøre for 'all'.
10:42:11 **** Incremental Build of configuration Release for project MyFirstFSBL ****
make all 
make: Ingenting at gøre for 'all'.
10:42:11 **** Incremental Build of configuration Debug for project MoveTest ****
make all 
make: Ingenting at gøre for 'all'.
10:42:44 **** Incremental Build of configuration Release for project MyFirstFSBL ****
make all 
make: Ingenting at gøre for 'all'.
10:42:44 **** Incremental Build of configuration Debug for project MoveTest ****
make all 
make: Ingenting at gøre for 'all'.
10:43:28 **** Incremental Build of configuration Release for project MyFirstFSBL ****
make all 
make: Ingenting at gøre for 'all'.
10:43:29 **** Incremental Build of configuration Debug for project MoveTest ****
make all 
make: Ingenting at gøre for 'all'.
10:44:03 **** Incremental Build of configuration Release for project MyFirstFSBL ****
make all 
make: Ingenting at gøre for 'all'.
10:44:04 **** Incremental Build of configuration Debug for project MoveTest ****
make all 
make: Ingenting at gøre for 'all'.
10:44:27 **** Incremental Build of configuration Release for project MyFirstFSBL ****
make all 
make: Ingenting at gøre for 'all'.
10:44:28 **** Incremental Build of configuration Debug for project MoveTest ****
make all 
make: Ingenting at gøre for 'all'.
10:45:00 **** Incremental Build of configuration Release for project MyFirstFSBL ****
make all 
make: Ingenting at gøre for 'all'.
10:45:01 **** Incremental Build of configuration Debug for project MoveTest ****
make all 
make: Ingenting at gøre for 'all'.
10:47:33 **** Auto Build of configuration Debug for project MoveTest ****
make all 
Building file: ../src/main.cc
Invoking: ARM g++ compiler
arm-xilinx-eabi-g++ -Wall -O0 -g3 -c -fmessage-length=0 -MT"src/main.o" -I../../standalone_bsp_0/ps7_cortexa9_0/include -MMD -MP -MF"src/main.d" -MT"src/main.d" -o "src/main.o" "../src/main.cc"
../src/main.cc: In function 'int main()':
../src/main.cc:33:2: error: expected ';' before 'return'
  return 0;
  ^
make: *** [src/main.o] Fejl 1
10:47:35 **** Auto Build of configuration Debug for project MoveTest ****
make all 
Building file: ../src/main.cc
Invoking: ARM g++ compiler
arm-xilinx-eabi-g++ -Wall -O0 -g3 -c -fmessage-length=0 -MT"src/main.o" -I../../standalone_bsp_0/ps7_cortexa9_0/include -MMD -MP -MF"src/main.d" -MT"src/main.d" -o "src/main.o" "../src/main.cc"
Finished building: ../src/main.cc
 
Building target: MoveTest.elf
Invoking: ARM g++ linker
arm-xilinx-eabi-g++ -Wl,-T -Wl,../src/lscript.ld -L../../standalone_bsp_0/ps7_cortexa9_0/lib -o "MoveTest.elf"  ./src/main.o ./src/move.o   -Wl,--start-group,-lxil,-lgcc,-lc,-lstdc++,--end-group -Wl,--start-group,-lxilffs,-lxil,-lgcc,-lc,--end-group -Wl,--start-group,-lrsa,-lxil,-lgcc,-lc,--end-group
Finished building target: MoveTest.elf
 
Invoking: ARM Print Size
arm-xilinx-eabi-size MoveTest.elf  |tee "MoveTest.elf.size"
   text	   data	    bss	    dec	    hex	filename
 116612	   2340	  25200	 144152	  23318	MoveTest.elf
Finished building: MoveTest.elf.size
 
10:47:39 **** Incremental Build of configuration Release for project MyFirstFSBL ****
make all 
make: Ingenting at gøre for 'all'.
10:47:40 **** Incremental Build of configuration Debug for project MoveTest ****
make all 
make: Ingenting at gøre for 'all'.
10:48:29 **** Incremental Build of configuration Release for project MyFirstFSBL ****
make all 
make: Ingenting at gøre for 'all'.
10:48:30 **** Incremental Build of configuration Debug for project MoveTest ****
make all 
make: Ingenting at gøre for 'all'.
10:50:49 **** Auto Build of configuration Debug for project MoveTest ****
make all 
Building file: ../src/main.cc
Invoking: ARM g++ compiler
arm-xilinx-eabi-g++ -Wall -O0 -g3 -c -fmessage-length=0 -MT"src/main.o" -I../../standalone_bsp_0/ps7_cortexa9_0/include -MMD -MP -MF"src/main.d" -MT"src/main.d" -o "src/main.o" "../src/main.cc"
../src/main.cc: In function 'int main()':
../src/main.cc:22:32: warning: 'count' is used uninitialized in this function [-Wuninitialized]
   xil_printf("Count: %d",count);
                                ^
Finished building: ../src/main.cc
 
Building target: MoveTest.elf
Invoking: ARM g++ linker
arm-xilinx-eabi-g++ -Wl,-T -Wl,../src/lscript.ld -L../../standalone_bsp_0/ps7_cortexa9_0/lib -o "MoveTest.elf"  ./src/main.o ./src/move.o   -Wl,--start-group,-lxil,-lgcc,-lc,-lstdc++,--end-group -Wl,--start-group,-lxilffs,-lxil,-lgcc,-lc,--end-group -Wl,--start-group,-lrsa,-lxil,-lgcc,-lc,--end-group
Finished building target: MoveTest.elf
 
Invoking: ARM Print Size
arm-xilinx-eabi-size MoveTest.elf  |tee "MoveTest.elf.size"
   text	   data	    bss	    dec	    hex	filename
 116628	   2340	  25200	 144168	  23328	MoveTest.elf
Finished building: MoveTest.elf.size
 
10:51:02 **** Auto Build of configuration Debug for project MoveTest ****
make all 
Building file: ../src/main.cc
Invoking: ARM g++ compiler
arm-xilinx-eabi-g++ -Wall -O0 -g3 -c -fmessage-length=0 -MT"src/main.o" -I../../standalone_bsp_0/ps7_cortexa9_0/include -MMD -MP -MF"src/main.d" -MT"src/main.d" -o "src/main.o" "../src/main.cc"
Finished building: ../src/main.cc
 
Building target: MoveTest.elf
Invoking: ARM g++ linker
arm-xilinx-eabi-g++ -Wl,-T -Wl,../src/lscript.ld -L../../standalone_bsp_0/ps7_cortexa9_0/lib -o "MoveTest.elf"  ./src/main.o ./src/move.o   -Wl,--start-group,-lxil,-lgcc,-lc,-lstdc++,--end-group -Wl,--start-group,-lxilffs,-lxil,-lgcc,-lc,--end-group -Wl,--start-group,-lrsa,-lxil,-lgcc,-lc,--end-group
Finished building target: MoveTest.elf
 
Invoking: ARM Print Size
arm-xilinx-eabi-size MoveTest.elf  |tee "MoveTest.elf.size"
   text	   data	    bss	    dec	    hex	filename
 116628	   2340	  25200	 144168	  23328	MoveTest.elf
Finished building: MoveTest.elf.size
 
10:51:17 **** Incremental Build of configuration Release for project MyFirstFSBL ****
make all 
make: Ingenting at gøre for 'all'.
10:51:18 **** Incremental Build of configuration Debug for project MoveTest ****
make all 
make: Ingenting at gøre for 'all'.
10:51:52 **** Auto Build of configuration Debug for project MoveTest ****
make all 
Building file: ../src/main.cc
Invoking: ARM g++ compiler
arm-xilinx-eabi-g++ -Wall -O0 -g3 -c -fmessage-length=0 -MT"src/main.o" -I../../standalone_bsp_0/ps7_cortexa9_0/include -MMD -MP -MF"src/main.d" -MT"src/main.d" -o "src/main.o" "../src/main.cc"
Finished building: ../src/main.cc
 
Building target: MoveTest.elf
Invoking: ARM g++ linker
arm-xilinx-eabi-g++ -Wl,-T -Wl,../src/lscript.ld -L../../standalone_bsp_0/ps7_cortexa9_0/lib -o "MoveTest.elf"  ./src/main.o ./src/move.o   -Wl,--start-group,-lxil,-lgcc,-lc,-lstdc++,--end-group -Wl,--start-group,-lxilffs,-lxil,-lgcc,-lc,--end-group -Wl,--start-group,-lrsa,-lxil,-lgcc,-lc,--end-group
Finished building target: MoveTest.elf
 
Invoking: ARM Print Size
arm-xilinx-eabi-size MoveTest.elf  |tee "MoveTest.elf.size"
   text	   data	    bss	    dec	    hex	filename
 116692	   2340	  25200	 144232	  23368	MoveTest.elf
Finished building: MoveTest.elf.size
 
10:52:03 **** Incremental Build of configuration Release for project MyFirstFSBL ****
make all 
make: Ingenting at gøre for 'all'.
10:52:03 **** Incremental Build of configuration Debug for project MoveTest ****
make all 
make: Ingenting at gøre for 'all'.
11:00:31 **** Incremental Build of configuration Release for project MyFirstFSBL ****
make all 
make: Ingenting at gøre for 'all'.
11:00:32 **** Incremental Build of configuration Debug for project MoveTest ****
make all 
make: Ingenting at gøre for 'all'.
11:05:14 **** Auto Build of configuration Debug for project MoveTest ****
make all 
Building file: ../src/main.cc
Invoking: ARM g++ compiler
arm-xilinx-eabi-g++ -Wall -O0 -g3 -c -fmessage-length=0 -MT"src/main.o" -I../../standalone_bsp_0/ps7_cortexa9_0/include -MMD -MP -MF"src/main.d" -MT"src/main.d" -o "src/main.o" "../src/main.cc"
In file included from ../src/main.cc:6:0:
../src/move.h:32:23: error: return type specification for destructor invalid
 
                       ^
make: *** [src/main.o] Fejl 1
11:05:23 **** Auto Build of configuration Debug for project MoveTest ****
make all 
Building file: ../src/main.cc
Invoking: ARM g++ compiler
arm-xilinx-eabi-g++ -Wall -O0 -g3 -c -fmessage-length=0 -MT"src/main.o" -I../../standalone_bsp_0/ps7_cortexa9_0/include -MMD -MP -MF"src/main.d" -MT"src/main.d" -o "src/main.o" "../src/main.cc"
Finished building: ../src/main.cc
 
Building file: ../src/move.cpp
Invoking: ARM g++ compiler
arm-xilinx-eabi-g++ -Wall -O0 -g3 -c -fmessage-length=0 -MT"src/move.o" -I../../standalone_bsp_0/ps7_cortexa9_0/include -MMD -MP -MF"src/move.d" -MT"src/move.d" -o "src/move.o" "../src/move.cpp"
Finished building: ../src/move.cpp
 
Building target: MoveTest.elf
Invoking: ARM g++ linker
arm-xilinx-eabi-g++ -Wl,-T -Wl,../src/lscript.ld -L../../standalone_bsp_0/ps7_cortexa9_0/lib -o "MoveTest.elf"  ./src/main.o ./src/move.o   -Wl,--start-group,-lxil,-lgcc,-lc,-lstdc++,--end-group -Wl,--start-group,-lxilffs,-lxil,-lgcc,-lc,--end-group -Wl,--start-group,-lrsa,-lxil,-lgcc,-lc,--end-group
Finished building target: MoveTest.elf
 
Invoking: ARM Print Size
arm-xilinx-eabi-size MoveTest.elf  |tee "MoveTest.elf.size"
   text	   data	    bss	    dec	    hex	filename
 116692	   2340	  25200	 144232	  23368	MoveTest.elf
Finished building: MoveTest.elf.size
 
11:07:29 **** Auto Build of configuration Debug for project MoveTest ****
make all 
Building file: ../src/move.cpp
Invoking: ARM g++ compiler
arm-xilinx-eabi-g++ -Wall -O0 -g3 -c -fmessage-length=0 -MT"src/move.o" -I../../standalone_bsp_0/ps7_cortexa9_0/include -MMD -MP -MF"src/move.d" -MT"src/move.d" -o "src/move.o" "../src/move.cpp"
Finished building: ../src/move.cpp
 
Building target: MoveTest.elf
Invoking: ARM g++ linker
arm-xilinx-eabi-g++ -Wl,-T -Wl,../src/lscript.ld -L../../standalone_bsp_0/ps7_cortexa9_0/lib -o "MoveTest.elf"  ./src/main.o ./src/move.o   -Wl,--start-group,-lxil,-lgcc,-lc,-lstdc++,--end-group -Wl,--start-group,-lxilffs,-lxil,-lgcc,-lc,--end-group -Wl,--start-group,-lrsa,-lxil,-lgcc,-lc,--end-group
Finished building target: MoveTest.elf
 
Invoking: ARM Print Size
arm-xilinx-eabi-size MoveTest.elf  |tee "MoveTest.elf.size"
   text	   data	    bss	    dec	    hex	filename
 116776	   2340	  25208	 144324	  233c4	MoveTest.elf
Finished building: MoveTest.elf.size
 
11:22:16 **** Auto Build of project standalone_bsp_0 ****
make -k all 
"Running Make include in ps7_cortexa9_0/libsrc/cpu_cortexa9_v2_1/src"
make -C ps7_cortexa9_0/libsrc/cpu_cortexa9_v2_1/src -s include  "SHELL=CMD" "COMPILER=arm-xilinx-eabi-gcc" "ARCHIVER=arm-xilinx-eabi-ar" "COMPILER_FLAGS=  -O2 -c" "EXTRA_COMPILER_FLAGS=-g"
"Running Make include in ps7_cortexa9_0/libsrc/devcfg_v3_2/src"
make -C ps7_cortexa9_0/libsrc/devcfg_v3_2/src -s include  "SHELL=CMD" "COMPILER=arm-xilinx-eabi-gcc" "ARCHIVER=arm-xilinx-eabi-ar" "COMPILER_FLAGS=  -O2 -c" "EXTRA_COMPILER_FLAGS=-g"
"Running Make include in ps7_cortexa9_0/libsrc/dmaps_v2_1/src"
make -C ps7_cortexa9_0/libsrc/dmaps_v2_1/src -s include  "SHELL=CMD" "COMPILER=arm-xilinx-eabi-gcc" "ARCHIVER=arm-xilinx-eabi-ar" "COMPILER_FLAGS=  -O2 -c" "EXTRA_COMPILER_FLAGS=-g"
"Running Make include in ps7_cortexa9_0/libsrc/motorctrl_top_v1_1/src"
make -C ps7_cortexa9_0/libsrc/motorctrl_top_v1_1/src -s include  "SHELL=CMD" "COMPILER=arm-xilinx-eabi-gcc" "ARCHIVER=arm-xilinx-eabi-ar" "COMPILER_FLAGS=  -O2 -c" "EXTRA_COMPILER_FLAGS=-g"
"Running Make include in ps7_cortexa9_0/libsrc/qspips_v3_1/src"
make -C ps7_cortexa9_0/libsrc/qspips_v3_1/src -s include  "SHELL=CMD" "COMPILER=arm-xilinx-eabi-gcc" "ARCHIVER=arm-xilinx-eabi-ar" "COMPILER_FLAGS=  -O2 -c" "EXTRA_COMPILER_FLAGS=-g"
"Running Make include in ps7_cortexa9_0/libsrc/scugic_v2_1/src"
make -C ps7_cortexa9_0/libsrc/scugic_v2_1/src -s include  "SHELL=CMD" "COMPILER=arm-xilinx-eabi-gcc" "ARCHIVER=arm-xilinx-eabi-ar" "COMPILER_FLAGS=  -O2 -c" "EXTRA_COMPILER_FLAGS=-g"
"Running Make include in ps7_cortexa9_0/libsrc/scutimer_v2_0/src"
make -C ps7_cortexa9_0/libsrc/scutimer_v2_0/src -s include  "SHELL=CMD" "COMPILER=arm-xilinx-eabi-gcc" "ARCHIVER=arm-xilinx-eabi-ar" "COMPILER_FLAGS=  -O2 -c" "EXTRA_COMPILER_FLAGS=-g"
"Running Make include in ps7_cortexa9_0/libsrc/scuwdt_v2_0/src"
make -C ps7_cortexa9_0/libsrc/scuwdt_v2_0/src -s include  "SHELL=CMD" "COMPILER=arm-xilinx-eabi-gcc" "ARCHIVER=arm-xilinx-eabi-ar" "COMPILER_FLAGS=  -O2 -c" "EXTRA_COMPILER_FLAGS=-g"
"Running Make include in ps7_cortexa9_0/libsrc/standalone_v4_2/src"
make -C ps7_cortexa9_0/libsrc/standalone_v4_2/src -s include  "SHELL=CMD" "COMPILER=arm-xilinx-eabi-gcc" "ARCHIVER=arm-xilinx-eabi-ar" "COMPILER_FLAGS=  -O2 -c" "EXTRA_COMPILER_FLAGS=-g"
"Running Make include in ps7_cortexa9_0/libsrc/uartps_v2_2/src"
make -C ps7_cortexa9_0/libsrc/uartps_v2_2/src -s include  "SHELL=CMD" "COMPILER=arm-xilinx-eabi-gcc" "ARCHIVER=arm-xilinx-eabi-ar" "COMPILER_FLAGS=  -O2 -c" "EXTRA_COMPILER_FLAGS=-g"
"Running Make include in ps7_cortexa9_0/libsrc/xadcps_v2_1/src"
make -C ps7_cortexa9_0/libsrc/xadcps_v2_1/src -s include  "SHELL=CMD" "COMPILER=arm-xilinx-eabi-gcc" "ARCHIVER=arm-xilinx-eabi-ar" "COMPILER_FLAGS=  -O2 -c" "EXTRA_COMPILER_FLAGS=-g"
"Running Make include in ps7_cortexa9_0/libsrc/xilffs_v2_2/src"
make -C ps7_cortexa9_0/libsrc/xilffs_v2_2/src -s include  "SHELL=CMD" "COMPILER=arm-xilinx-eabi-gcc" "ARCHIVER=arm-xilinx-eabi-ar" "COMPILER_FLAGS=  -O2 -c" "EXTRA_COMPILER_FLAGS=-g"
"Running Make include in ps7_cortexa9_0/libsrc/xilrsa_v1_1/src"
make -C ps7_cortexa9_0/libsrc/xilrsa_v1_1/src -s include  "SHELL=CMD" "COMPILER=arm-xilinx-eabi-gcc" "ARCHIVER=arm-xilinx-eabi-ar" "COMPILER_FLAGS=  -O2 -c" "EXTRA_COMPILER_FLAGS=-g"
"Running Make libs in ps7_cortexa9_0/libsrc/cpu_cortexa9_v2_1/src"
make -C ps7_cortexa9_0/libsrc/cpu_cortexa9_v2_1/src -s libs  "SHELL=CMD" "COMPILER=arm-xilinx-eabi-gcc" "ARCHIVER=arm-xilinx-eabi-ar" "COMPILER_FLAGS=  -O2 -c" "EXTRA_COMPILER_FLAGS=-g"
"Compiling cpu_cortexa9"
"Running Make libs in ps7_cortexa9_0/libsrc/devcfg_v3_2/src"
make -C ps7_cortexa9_0/libsrc/devcfg_v3_2/src -s libs  "SHELL=CMD" "COMPILER=arm-xilinx-eabi-gcc" "ARCHIVER=arm-xilinx-eabi-ar" "COMPILER_FLAGS=  -O2 -c" "EXTRA_COMPILER_FLAGS=-g"
"Compiling devcfg"
"Running Make libs in ps7_cortexa9_0/libsrc/dmaps_v2_1/src"
make -C ps7_cortexa9_0/libsrc/dmaps_v2_1/src -s libs  "SHELL=CMD" "COMPILER=arm-xilinx-eabi-gcc" "ARCHIVER=arm-xilinx-eabi-ar" "COMPILER_FLAGS=  -O2 -c" "EXTRA_COMPILER_FLAGS=-g"
"Compiling dmaps"
"Running Make libs in ps7_cortexa9_0/libsrc/motorctrl_top_v1_1/src"
make -C ps7_cortexa9_0/libsrc/motorctrl_top_v1_1/src -s libs  "SHELL=CMD" "COMPILER=arm-xilinx-eabi-gcc" "ARCHIVER=arm-xilinx-eabi-ar" "COMPILER_FLAGS=  -O2 -c" "EXTRA_COMPILER_FLAGS=-g"
"Compiling motorctrl_top"
"Running Make libs in ps7_cortexa9_0/libsrc/qspips_v3_1/src"
make -C ps7_cortexa9_0/libsrc/qspips_v3_1/src -s libs  "SHELL=CMD" "COMPILER=arm-xilinx-eabi-gcc" "ARCHIVER=arm-xilinx-eabi-ar" "COMPILER_FLAGS=  -O2 -c" "EXTRA_COMPILER_FLAGS=-g"
"Compiling qspips"
"Running Make libs in ps7_cortexa9_0/libsrc/scugic_v2_1/src"
make -C ps7_cortexa9_0/libsrc/scugic_v2_1/src -s libs  "SHELL=CMD" "COMPILER=arm-xilinx-eabi-gcc" "ARCHIVER=arm-xilinx-eabi-ar" "COMPILER_FLAGS=  -O2 -c" "EXTRA_COMPILER_FLAGS=-g"
"Compiling scugic"
"Running Make libs in ps7_cortexa9_0/libsrc/scutimer_v2_0/src"
make -C ps7_cortexa9_0/libsrc/scutimer_v2_0/src -s libs  "SHELL=CMD" "COMPILER=arm-xilinx-eabi-gcc" "ARCHIVER=arm-xilinx-eabi-ar" "COMPILER_FLAGS=  -O2 -c" "EXTRA_COMPILER_FLAGS=-g"
"Compiling scutimer"
"Running Make libs in ps7_cortexa9_0/libsrc/scuwdt_v2_0/src"
make -C ps7_cortexa9_0/libsrc/scuwdt_v2_0/src -s libs  "SHELL=CMD" "COMPILER=arm-xilinx-eabi-gcc" "ARCHIVER=arm-xilinx-eabi-ar" "COMPILER_FLAGS=  -O2 -c" "EXTRA_COMPILER_FLAGS=-g"
"Compiling scuwdt"
"Running Make libs in ps7_cortexa9_0/libsrc/standalone_v4_2/src"
make -C ps7_cortexa9_0/libsrc/standalone_v4_2/src -s libs  "SHELL=CMD" "COMPILER=arm-xilinx-eabi-gcc" "ARCHIVER=arm-xilinx-eabi-ar" "COMPILER_FLAGS=  -O2 -c" "EXTRA_COMPILER_FLAGS=-g"
"Compiling standalone"
"Running Make libs in ps7_cortexa9_0/libsrc/uartps_v2_2/src"
make -C ps7_cortexa9_0/libsrc/uartps_v2_2/src -s libs  "SHELL=CMD" "COMPILER=arm-xilinx-eabi-gcc" "ARCHIVER=arm-xilinx-eabi-ar" "COMPILER_FLAGS=  -O2 -c" "EXTRA_COMPILER_FLAGS=-g"
"Compiling uartps"
"Running Make libs in ps7_cortexa9_0/libsrc/xadcps_v2_1/src"
make -C ps7_cortexa9_0/libsrc/xadcps_v2_1/src -s libs  "SHELL=CMD" "COMPILER=arm-xilinx-eabi-gcc" "ARCHIVER=arm-xilinx-eabi-ar" "COMPILER_FLAGS=  -O2 -c" "EXTRA_COMPILER_FLAGS=-g"
"Compiling xadcps"
"Running Make libs in ps7_cortexa9_0/libsrc/xilffs_v2_2/src"
make -C ps7_cortexa9_0/libsrc/xilffs_v2_2/src -s libs  "SHELL=CMD" "COMPILER=arm-xilinx-eabi-gcc" "ARCHIVER=arm-xilinx-eabi-ar" "COMPILER_FLAGS=  -O2 -c" "EXTRA_COMPILER_FLAGS=-g"
"Compiling XilFFs Library"
"Creating archive libxilffs.a"
"Running Make libs in ps7_cortexa9_0/libsrc/xilrsa_v1_1/src"
make -C ps7_cortexa9_0/libsrc/xilrsa_v1_1/src -s libs  "SHELL=CMD" "COMPILER=arm-xilinx-eabi-gcc" "ARCHIVER=arm-xilinx-eabi-ar" "COMPILER_FLAGS=  -O2 -c" "EXTRA_COMPILER_FLAGS=-g"
'Finished building libraries'
11:22:58 **** Auto Build of project standalone_bsp_0 ****
make -k all 
"Running Make include in ps7_cortexa9_0/libsrc/cpu_cortexa9_v2_1/src"
make -C ps7_cortexa9_0/libsrc/cpu_cortexa9_v2_1/src -s include  "SHELL=CMD" "COMPILER=arm-xilinx-eabi-gcc" "ARCHIVER=arm-xilinx-eabi-ar" "COMPILER_FLAGS=  -O2 -c" "EXTRA_COMPILER_FLAGS=-g"
"Running Make include in ps7_cortexa9_0/libsrc/devcfg_v3_2/src"
make -C ps7_cortexa9_0/libsrc/devcfg_v3_2/src -s include  "SHELL=CMD" "COMPILER=arm-xilinx-eabi-gcc" "ARCHIVER=arm-xilinx-eabi-ar" "COMPILER_FLAGS=  -O2 -c" "EXTRA_COMPILER_FLAGS=-g"
"Running Make include in ps7_cortexa9_0/libsrc/dmaps_v2_1/src"
make -C ps7_cortexa9_0/libsrc/dmaps_v2_1/src -s include  "SHELL=CMD" "COMPILER=arm-xilinx-eabi-gcc" "ARCHIVER=arm-xilinx-eabi-ar" "COMPILER_FLAGS=  -O2 -c" "EXTRA_COMPILER_FLAGS=-g"
"Running Make include in ps7_cortexa9_0/libsrc/motorctrl_top_v1_1/src"
make -C ps7_cortexa9_0/libsrc/motorctrl_top_v1_1/src -s include  "SHELL=CMD" "COMPILER=arm-xilinx-eabi-gcc" "ARCHIVER=arm-xilinx-eabi-ar" "COMPILER_FLAGS=  -O2 -c" "EXTRA_COMPILER_FLAGS=-g"
"Running Make include in ps7_cortexa9_0/libsrc/qspips_v3_1/src"
make -C ps7_cortexa9_0/libsrc/qspips_v3_1/src -s include  "SHELL=CMD" "COMPILER=arm-xilinx-eabi-gcc" "ARCHIVER=arm-xilinx-eabi-ar" "COMPILER_FLAGS=  -O2 -c" "EXTRA_COMPILER_FLAGS=-g"
"Running Make include in ps7_cortexa9_0/libsrc/scugic_v2_1/src"
make -C ps7_cortexa9_0/libsrc/scugic_v2_1/src -s include  "SHELL=CMD" "COMPILER=arm-xilinx-eabi-gcc" "ARCHIVER=arm-xilinx-eabi-ar" "COMPILER_FLAGS=  -O2 -c" "EXTRA_COMPILER_FLAGS=-g"
"Running Make include in ps7_cortexa9_0/libsrc/scutimer_v2_0/src"
make -C ps7_cortexa9_0/libsrc/scutimer_v2_0/src -s include  "SHELL=CMD" "COMPILER=arm-xilinx-eabi-gcc" "ARCHIVER=arm-xilinx-eabi-ar" "COMPILER_FLAGS=  -O2 -c" "EXTRA_COMPILER_FLAGS=-g"
"Running Make include in ps7_cortexa9_0/libsrc/scuwdt_v2_0/src"
make -C ps7_cortexa9_0/libsrc/scuwdt_v2_0/src -s include  "SHELL=CMD" "COMPILER=arm-xilinx-eabi-gcc" "ARCHIVER=arm-xilinx-eabi-ar" "COMPILER_FLAGS=  -O2 -c" "EXTRA_COMPILER_FLAGS=-g"
"Running Make include in ps7_cortexa9_0/libsrc/standalone_v4_2/src"
make -C ps7_cortexa9_0/libsrc/standalone_v4_2/src -s include  "SHELL=CMD" "COMPILER=arm-xilinx-eabi-gcc" "ARCHIVER=arm-xilinx-eabi-ar" "COMPILER_FLAGS=  -O2 -c" "EXTRA_COMPILER_FLAGS=-g"
"Running Make include in ps7_cortexa9_0/libsrc/uartps_v2_2/src"
make -C ps7_cortexa9_0/libsrc/uartps_v2_2/src -s include  "SHELL=CMD" "COMPILER=arm-xilinx-eabi-gcc" "ARCHIVER=arm-xilinx-eabi-ar" "COMPILER_FLAGS=  -O2 -c" "EXTRA_COMPILER_FLAGS=-g"
"Running Make include in ps7_cortexa9_0/libsrc/xadcps_v2_1/src"
make -C ps7_cortexa9_0/libsrc/xadcps_v2_1/src -s include  "SHELL=CMD" "COMPILER=arm-xilinx-eabi-gcc" "ARCHIVER=arm-xilinx-eabi-ar" "COMPILER_FLAGS=  -O2 -c" "EXTRA_COMPILER_FLAGS=-g"
"Running Make include in ps7_cortexa9_0/libsrc/xilffs_v2_2/src"
make -C ps7_cortexa9_0/libsrc/xilffs_v2_2/src -s include  "SHELL=CMD" "COMPILER=arm-xilinx-eabi-gcc" "ARCHIVER=arm-xilinx-eabi-ar" "COMPILER_FLAGS=  -O2 -c" "EXTRA_COMPILER_FLAGS=-g"
"Running Make include in ps7_cortexa9_0/libsrc/xilrsa_v1_1/src"
make -C ps7_cortexa9_0/libsrc/xilrsa_v1_1/src -s include  "SHELL=CMD" "COMPILER=arm-xilinx-eabi-gcc" "ARCHIVER=arm-xilinx-eabi-ar" "COMPILER_FLAGS=  -O2 -c" "EXTRA_COMPILER_FLAGS=-g"
"Running Make libs in ps7_cortexa9_0/libsrc/cpu_cortexa9_v2_1/src"
make -C ps7_cortexa9_0/libsrc/cpu_cortexa9_v2_1/src -s libs  "SHELL=CMD" "COMPILER=arm-xilinx-eabi-gcc" "ARCHIVER=arm-xilinx-eabi-ar" "COMPILER_FLAGS=  -O2 -c" "EXTRA_COMPILER_FLAGS=-g"
"Compiling cpu_cortexa9"
"Running Make libs in ps7_cortexa9_0/libsrc/devcfg_v3_2/src"
make -C ps7_cortexa9_0/libsrc/devcfg_v3_2/src -s libs  "SHELL=CMD" "COMPILER=arm-xilinx-eabi-gcc" "ARCHIVER=arm-xilinx-eabi-ar" "COMPILER_FLAGS=  -O2 -c" "EXTRA_COMPILER_FLAGS=-g"
"Compiling devcfg"
"Running Make libs in ps7_cortexa9_0/libsrc/dmaps_v2_1/src"
make -C ps7_cortexa9_0/libsrc/dmaps_v2_1/src -s libs  "SHELL=CMD" "COMPILER=arm-xilinx-eabi-gcc" "ARCHIVER=arm-xilinx-eabi-ar" "COMPILER_FLAGS=  -O2 -c" "EXTRA_COMPILER_FLAGS=-g"
"Compiling dmaps"
"Running Make libs in ps7_cortexa9_0/libsrc/motorctrl_top_v1_1/src"
make -C ps7_cortexa9_0/libsrc/motorctrl_top_v1_1/src -s libs  "SHELL=CMD" "COMPILER=arm-xilinx-eabi-gcc" "ARCHIVER=arm-xilinx-eabi-ar" "COMPILER_FLAGS=  -O2 -c" "EXTRA_COMPILER_FLAGS=-g"
"Compiling motorctrl_top"
"Running Make libs in ps7_cortexa9_0/libsrc/qspips_v3_1/src"
make -C ps7_cortexa9_0/libsrc/qspips_v3_1/src -s libs  "SHELL=CMD" "COMPILER=arm-xilinx-eabi-gcc" "ARCHIVER=arm-xilinx-eabi-ar" "COMPILER_FLAGS=  -O2 -c" "EXTRA_COMPILER_FLAGS=-g"
"Compiling qspips"
"Running Make libs in ps7_cortexa9_0/libsrc/scugic_v2_1/src"
make -C ps7_cortexa9_0/libsrc/scugic_v2_1/src -s libs  "SHELL=CMD" "COMPILER=arm-xilinx-eabi-gcc" "ARCHIVER=arm-xilinx-eabi-ar" "COMPILER_FLAGS=  -O2 -c" "EXTRA_COMPILER_FLAGS=-g"
"Compiling scugic"
"Running Make libs in ps7_cortexa9_0/libsrc/scutimer_v2_0/src"
make -C ps7_cortexa9_0/libsrc/scutimer_v2_0/src -s libs  "SHELL=CMD" "COMPILER=arm-xilinx-eabi-gcc" "ARCHIVER=arm-xilinx-eabi-ar" "COMPILER_FLAGS=  -O2 -c" "EXTRA_COMPILER_FLAGS=-g"
"Compiling scutimer"
"Running Make libs in ps7_cortexa9_0/libsrc/scuwdt_v2_0/src"
make -C ps7_cortexa9_0/libsrc/scuwdt_v2_0/src -s libs  "SHELL=CMD" "COMPILER=arm-xilinx-eabi-gcc" "ARCHIVER=arm-xilinx-eabi-ar" "COMPILER_FLAGS=  -O2 -c" "EXTRA_COMPILER_FLAGS=-g"
"Compiling scuwdt"
"Running Make libs in ps7_cortexa9_0/libsrc/standalone_v4_2/src"
make -C ps7_cortexa9_0/libsrc/standalone_v4_2/src -s libs  "SHELL=CMD" "COMPILER=arm-xilinx-eabi-gcc" "ARCHIVER=arm-xilinx-eabi-ar" "COMPILER_FLAGS=  -O2 -c" "EXTRA_COMPILER_FLAGS=-g"
"Compiling standalone"
"Running Make libs in ps7_cortexa9_0/libsrc/uartps_v2_2/src"
make -C ps7_cortexa9_0/libsrc/uartps_v2_2/src -s libs  "SHELL=CMD" "COMPILER=arm-xilinx-eabi-gcc" "ARCHIVER=arm-xilinx-eabi-ar" "COMPILER_FLAGS=  -O2 -c" "EXTRA_COMPILER_FLAGS=-g"
"Compiling uartps"
"Running Make libs in ps7_cortexa9_0/libsrc/xadcps_v2_1/src"
make -C ps7_cortexa9_0/libsrc/xadcps_v2_1/src -s libs  "SHELL=CMD" "COMPILER=arm-xilinx-eabi-gcc" "ARCHIVER=arm-xilinx-eabi-ar" "COMPILER_FLAGS=  -O2 -c" "EXTRA_COMPILER_FLAGS=-g"
"Compiling xadcps"
"Running Make libs in ps7_cortexa9_0/libsrc/xilffs_v2_2/src"
make -C ps7_cortexa9_0/libsrc/xilffs_v2_2/src -s libs  "SHELL=CMD" "COMPILER=arm-xilinx-eabi-gcc" "ARCHIVER=arm-xilinx-eabi-ar" "COMPILER_FLAGS=  -O2 -c" "EXTRA_COMPILER_FLAGS=-g"
"Compiling XilFFs Library"
"Creating archive libxilffs.a"
"Running Make libs in ps7_cortexa9_0/libsrc/xilrsa_v1_1/src"
make -C ps7_cortexa9_0/libsrc/xilrsa_v1_1/src -s libs  "SHELL=CMD" "COMPILER=arm-xilinx-eabi-gcc" "ARCHIVER=arm-xilinx-eabi-ar" "COMPILER_FLAGS=  -O2 -c" "EXTRA_COMPILER_FLAGS=-g"
'Finished building libraries'
11:23:40 **** Auto Build of configuration Release for project MyFirstFSBL ****
make all 
Building file: ../src/fsbl_hooks.c
Invoking: ARM gcc compiler
arm-xilinx-eabi-gcc -Wall -O2 -I"C:\Users\Kasper\Documents\GitHub\TIHSC\AI_Project\ZyboCar\ZyboCar.sdk\ZyboCarDesign_wrapper_hw_platform_0" -c -fmessage-length=0 -MT"src/fsbl_hooks.o" -I../../standalone_bsp_0/ps7_cortexa9_0/include -MMD -MP -MF"src/fsbl_hooks.d" -MT"src/fsbl_hooks.d" -o "src/fsbl_hooks.o" "../src/fsbl_hooks.c"
Finished building: ../src/fsbl_hooks.c
 
Building file: ../src/image_mover.c
Invoking: ARM gcc compiler
arm-xilinx-eabi-gcc -Wall -O2 -I"C:\Users\Kasper\Documents\GitHub\TIHSC\AI_Project\ZyboCar\ZyboCar.sdk\ZyboCarDesign_wrapper_hw_platform_0" -c -fmessage-length=0 -MT"src/image_mover.o" -I../../standalone_bsp_0/ps7_cortexa9_0/include -MMD -MP -MF"src/image_mover.d" -MT"src/image_mover.d" -o "src/image_mover.o" "../src/image_mover.c"
Finished building: ../src/image_mover.c
 
Building file: ../src/main.c
Invoking: ARM gcc compiler
arm-xilinx-eabi-gcc -Wall -O2 -I"C:\Users\Kasper\Documents\GitHub\TIHSC\AI_Project\ZyboCar\ZyboCar.sdk\ZyboCarDesign_wrapper_hw_platform_0" -c -fmessage-length=0 -MT"src/main.o" -I../../standalone_bsp_0/ps7_cortexa9_0/include -MMD -MP -MF"src/main.d" -MT"src/main.d" -o "src/main.o" "../src/main.c"
Finished building: ../src/main.c
 
Building file: ../src/md5.c
Invoking: ARM gcc compiler
arm-xilinx-eabi-gcc -Wall -O2 -I"C:\Users\Kasper\Documents\GitHub\TIHSC\AI_Project\ZyboCar\ZyboCar.sdk\ZyboCarDesign_wrapper_hw_platform_0" -c -fmessage-length=0 -MT"src/md5.o" -I../../standalone_bsp_0/ps7_cortexa9_0/include -MMD -MP -MF"src/md5.d" -MT"src/md5.d" -o "src/md5.o" "../src/md5.c"
../src/md5.c: In function 'MD5Final':
../src/md5.c:445:2: warning: dereferencing type-punned pointer will break strict-aliasing rules [-Wstrict-aliasing]
  ( (u32 *)context->intermediate )[ 14 ] = context->bits[ 0 ];
  ^
../src/md5.c:446:2: warning: dereferencing type-punned pointer will break strict-aliasing rules [-Wstrict-aliasing]
  ( (u32 *)context->intermediate )[ 15 ] = context->bits[ 1 ];
  ^
Finished building: ../src/md5.c
 
Building file: ../src/nand.c
Invoking: ARM gcc compiler
arm-xilinx-eabi-gcc -Wall -O2 -I"C:\Users\Kasper\Documents\GitHub\TIHSC\AI_Project\ZyboCar\ZyboCar.sdk\ZyboCarDesign_wrapper_hw_platform_0" -c -fmessage-length=0 -MT"src/nand.o" -I../../standalone_bsp_0/ps7_cortexa9_0/include -MMD -MP -MF"src/nand.d" -MT"src/nand.d" -o "src/nand.o" "../src/nand.c"
Finished building: ../src/nand.c
 
Building file: ../src/nor.c
Invoking: ARM gcc compiler
arm-xilinx-eabi-gcc -Wall -O2 -I"C:\Users\Kasper\Documents\GitHub\TIHSC\AI_Project\ZyboCar\ZyboCar.sdk\ZyboCarDesign_wrapper_hw_platform_0" -c -fmessage-length=0 -MT"src/nor.o" -I../../standalone_bsp_0/ps7_cortexa9_0/include -MMD -MP -MF"src/nor.d" -MT"src/nor.d" -o "src/nor.o" "../src/nor.c"
Finished building: ../src/nor.c
 
Building file: ../src/pcap.c
Invoking: ARM gcc compiler
arm-xilinx-eabi-gcc -Wall -O2 -I"C:\Users\Kasper\Documents\GitHub\TIHSC\AI_Project\ZyboCar\ZyboCar.sdk\ZyboCarDesign_wrapper_hw_platform_0" -c -fmessage-length=0 -MT"src/pcap.o" -I../../standalone_bsp_0/ps7_cortexa9_0/include -MMD -MP -MF"src/pcap.d" -MT"src/pcap.d" -o "src/pcap.o" "../src/pcap.c"
Finished building: ../src/pcap.c
 
Building file: C:/Users/Kasper/Documents/GitHub/TIHSC/AI_Project/ZyboCar/ZyboCar.sdk/ZyboCarDesign_wrapper_hw_platform_0/ps7_init.c
Invoking: ARM gcc compiler
arm-xilinx-eabi-gcc -Wall -O2 -I"C:\Users\Kasper\Documents\GitHub\TIHSC\AI_Project\ZyboCar\ZyboCar.sdk\ZyboCarDesign_wrapper_hw_platform_0" -c -fmessage-length=0 -MT"src/ps7_init.o" -I../../standalone_bsp_0/ps7_cortexa9_0/include -MMD -MP -MF"src/ps7_init.d" -MT"src/ps7_init.d" -o "src/ps7_init.o" "C:/Users/Kasper/Documents/GitHub/TIHSC/AI_Project/ZyboCar/ZyboCar.sdk/ZyboCarDesign_wrapper_hw_platform_0/ps7_init.c"
Finished building: C:/Users/Kasper/Documents/GitHub/TIHSC/AI_Project/ZyboCar/ZyboCar.sdk/ZyboCarDesign_wrapper_hw_platform_0/ps7_init.c
 
Building file: ../src/qspi.c
Invoking: ARM gcc compiler
arm-xilinx-eabi-gcc -Wall -O2 -I"C:\Users\Kasper\Documents\GitHub\TIHSC\AI_Project\ZyboCar\ZyboCar.sdk\ZyboCarDesign_wrapper_hw_platform_0" -c -fmessage-length=0 -MT"src/qspi.o" -I../../standalone_bsp_0/ps7_cortexa9_0/include -MMD -MP -MF"src/qspi.d" -MT"src/qspi.d" -o "src/qspi.o" "../src/qspi.c"
Finished building: ../src/qspi.c
 
Building file: ../src/rsa.c
Invoking: ARM gcc compiler
arm-xilinx-eabi-gcc -Wall -O2 -I"C:\Users\Kasper\Documents\GitHub\TIHSC\AI_Project\ZyboCar\ZyboCar.sdk\ZyboCarDesign_wrapper_hw_platform_0" -c -fmessage-length=0 -MT"src/rsa.o" -I../../standalone_bsp_0/ps7_cortexa9_0/include -MMD -MP -MF"src/rsa.d" -MT"src/rsa.d" -o "src/rsa.o" "../src/rsa.c"
Finished building: ../src/rsa.c
 
Building file: ../src/sd.c
Invoking: ARM gcc compiler
arm-xilinx-eabi-gcc -Wall -O2 -I"C:\Users\Kasper\Documents\GitHub\TIHSC\AI_Project\ZyboCar\ZyboCar.sdk\ZyboCarDesign_wrapper_hw_platform_0" -c -fmessage-length=0 -MT"src/sd.o" -I../../standalone_bsp_0/ps7_cortexa9_0/include -MMD -MP -MF"src/sd.d" -MT"src/sd.d" -o "src/sd.o" "../src/sd.c"
Finished building: ../src/sd.c
 
Building target: MyFirstFSBL.elf
Invoking: ARM gcc linker
arm-xilinx-eabi-gcc -L"C:\Users\Kasper\Documents\GitHub\TIHSC\AI_Project\ZyboCar\ZyboCar.sdk\MyFirstFSBL\src" -Wl,-T -Wl,../src/lscript.ld -L../../standalone_bsp_0/ps7_cortexa9_0/lib -o "MyFirstFSBL.elf"  ./src/fsbl_handoff.o ./src/fsbl_hooks.o ./src/image_mover.o ./src/main.o ./src/md5.o ./src/nand.o ./src/nor.o ./src/pcap.o ./src/ps7_init.o ./src/qspi.o ./src/rsa.o ./src/sd.o   -lrsa -Wl,--start-group,-lxil,-lgcc,-lc,--end-group -Wl,--start-group,-lxilffs,-lxil,-lgcc,-lc,--end-group -Wl,--start-group,-lrsa,-lxil,-lgcc,-lc,--end-group
Finished building target: MyFirstFSBL.elf
 
Invoking: ARM Print Size
arm-xilinx-eabi-size MyFirstFSBL.elf  |tee "MyFirstFSBL.elf.size"
   text	   data	    bss	    dec	    hex	filename
  49256	   9728	  71812	 130796	  1feec	MyFirstFSBL.elf
Finished building: MyFirstFSBL.elf.size
 
11:23:49 **** Auto Build of configuration Debug for project MoveTest ****
make all 
Building file: ../src/main.cc
Invoking: ARM g++ compiler
arm-xilinx-eabi-g++ -Wall -O0 -g3 -c -fmessage-length=0 -MT"src/main.o" -I../../standalone_bsp_0/ps7_cortexa9_0/include -MMD -MP -MF"src/main.d" -MT"src/main.d" -o "src/main.o" "../src/main.cc"
Finished building: ../src/main.cc
 
Building file: ../src/move.cpp
Invoking: ARM g++ compiler
arm-xilinx-eabi-g++ -Wall -O0 -g3 -c -fmessage-length=0 -MT"src/move.o" -I../../standalone_bsp_0/ps7_cortexa9_0/include -MMD -MP -MF"src/move.d" -MT"src/move.d" -o "src/move.o" "../src/move.cpp"
Finished building: ../src/move.cpp
 
Building target: MoveTest.elf
Invoking: ARM g++ linker
arm-xilinx-eabi-g++ -Wl,-T -Wl,../src/lscript.ld -L../../standalone_bsp_0/ps7_cortexa9_0/lib -o "MoveTest.elf"  ./src/main.o ./src/move.o   -Wl,--start-group,-lxil,-lgcc,-lc,-lstdc++,--end-group -Wl,--start-group,-lxilffs,-lxil,-lgcc,-lc,--end-group -Wl,--start-group,-lrsa,-lxil,-lgcc,-lc,--end-group
Finished building target: MoveTest.elf
 
Invoking: ARM Print Size
arm-xilinx-eabi-size MoveTest.elf  |tee "MoveTest.elf.size"
   text	   data	    bss	    dec	    hex	filename
 116776	   2340	  25208	 144324	  233c4	MoveTest.elf
Finished building: MoveTest.elf.size
 
11:23:51 **** Clean-only build of project standalone_bsp_0 ****
make -k clean 
rm -f ps7_cortexa9_0/lib/libxil.a
11:23:51 **** Clean-only build of configuration Debug for project MoveTest ****
make clean 
rm -rf  ./src/main.d  ./src/main.o ./src/move.o  ./src/move.d  MoveTest.elf.size  MoveTest.elf
 
11:23:51 **** Clean-only build of configuration Release for project MyFirstFSBL ****
make clean 
rm -rf  ./src/fsbl_handoff.o ./src/fsbl_hooks.o ./src/image_mover.o ./src/main.o ./src/md5.o ./src/nand.o ./src/nor.o ./src/pcap.o ./src/ps7_init.o ./src/qspi.o ./src/rsa.o ./src/sd.o  ./src/fsbl_handoff.d  ./src/fsbl_hooks.d ./src/image_mover.d ./src/main.d ./src/md5.d ./src/nand.d ./src/nor.d ./src/pcap.d ./src/ps7_init.d ./src/qspi.d ./src/rsa.d ./src/sd.d  MyFirstFSBL.elf.size  MyFirstFSBL.elf
 
11:23:52 **** Build of project standalone_bsp_0 ****
make -k all 
"Running Make include in ps7_cortexa9_0/libsrc/cpu_cortexa9_v2_1/src"
make -C ps7_cortexa9_0/libsrc/cpu_cortexa9_v2_1/src -s include  "SHELL=CMD" "COMPILER=arm-xilinx-eabi-gcc" "ARCHIVER=arm-xilinx-eabi-ar" "COMPILER_FLAGS=  -O2 -c" "EXTRA_COMPILER_FLAGS=-g"
"Running Make include in ps7_cortexa9_0/libsrc/devcfg_v3_2/src"
make -C ps7_cortexa9_0/libsrc/devcfg_v3_2/src -s include  "SHELL=CMD" "COMPILER=arm-xilinx-eabi-gcc" "ARCHIVER=arm-xilinx-eabi-ar" "COMPILER_FLAGS=  -O2 -c" "EXTRA_COMPILER_FLAGS=-g"
"Running Make include in ps7_cortexa9_0/libsrc/dmaps_v2_1/src"
make -C ps7_cortexa9_0/libsrc/dmaps_v2_1/src -s include  "SHELL=CMD" "COMPILER=arm-xilinx-eabi-gcc" "ARCHIVER=arm-xilinx-eabi-ar" "COMPILER_FLAGS=  -O2 -c" "EXTRA_COMPILER_FLAGS=-g"
"Running Make include in ps7_cortexa9_0/libsrc/motorctrl_top_v1_1/src"
make -C ps7_cortexa9_0/libsrc/motorctrl_top_v1_1/src -s include  "SHELL=CMD" "COMPILER=arm-xilinx-eabi-gcc" "ARCHIVER=arm-xilinx-eabi-ar" "COMPILER_FLAGS=  -O2 -c" "EXTRA_COMPILER_FLAGS=-g"
"Running Make include in ps7_cortexa9_0/libsrc/qspips_v3_1/src"
make -C ps7_cortexa9_0/libsrc/qspips_v3_1/src -s include  "SHELL=CMD" "COMPILER=arm-xilinx-eabi-gcc" "ARCHIVER=arm-xilinx-eabi-ar" "COMPILER_FLAGS=  -O2 -c" "EXTRA_COMPILER_FLAGS=-g"
"Running Make include in ps7_cortexa9_0/libsrc/scugic_v2_1/src"
make -C ps7_cortexa9_0/libsrc/scugic_v2_1/src -s include  "SHELL=CMD" "COMPILER=arm-xilinx-eabi-gcc" "ARCHIVER=arm-xilinx-eabi-ar" "COMPILER_FLAGS=  -O2 -c" "EXTRA_COMPILER_FLAGS=-g"
"Running Make include in ps7_cortexa9_0/libsrc/scutimer_v2_0/src"
make -C ps7_cortexa9_0/libsrc/scutimer_v2_0/src -s include  "SHELL=CMD" "COMPILER=arm-xilinx-eabi-gcc" "ARCHIVER=arm-xilinx-eabi-ar" "COMPILER_FLAGS=  -O2 -c" "EXTRA_COMPILER_FLAGS=-g"
"Running Make include in ps7_cortexa9_0/libsrc/scuwdt_v2_0/src"
make -C ps7_cortexa9_0/libsrc/scuwdt_v2_0/src -s include  "SHELL=CMD" "COMPILER=arm-xilinx-eabi-gcc" "ARCHIVER=arm-xilinx-eabi-ar" "COMPILER_FLAGS=  -O2 -c" "EXTRA_COMPILER_FLAGS=-g"
"Running Make include in ps7_cortexa9_0/libsrc/standalone_v4_2/src"
make -C ps7_cortexa9_0/libsrc/standalone_v4_2/src -s include  "SHELL=CMD" "COMPILER=arm-xilinx-eabi-gcc" "ARCHIVER=arm-xilinx-eabi-ar" "COMPILER_FLAGS=  -O2 -c" "EXTRA_COMPILER_FLAGS=-g"
"Running Make include in ps7_cortexa9_0/libsrc/uartps_v2_2/src"
make -C ps7_cortexa9_0/libsrc/uartps_v2_2/src -s include  "SHELL=CMD" "COMPILER=arm-xilinx-eabi-gcc" "ARCHIVER=arm-xilinx-eabi-ar" "COMPILER_FLAGS=  -O2 -c" "EXTRA_COMPILER_FLAGS=-g"
"Running Make include in ps7_cortexa9_0/libsrc/xadcps_v2_1/src"
make -C ps7_cortexa9_0/libsrc/xadcps_v2_1/src -s include  "SHELL=CMD" "COMPILER=arm-xilinx-eabi-gcc" "ARCHIVER=arm-xilinx-eabi-ar" "COMPILER_FLAGS=  -O2 -c" "EXTRA_COMPILER_FLAGS=-g"
"Running Make include in ps7_cortexa9_0/libsrc/xilffs_v2_2/src"
make -C ps7_cortexa9_0/libsrc/xilffs_v2_2/src -s include  "SHELL=CMD" "COMPILER=arm-xilinx-eabi-gcc" "ARCHIVER=arm-xilinx-eabi-ar" "COMPILER_FLAGS=  -O2 -c" "EXTRA_COMPILER_FLAGS=-g"
"Running Make include in ps7_cortexa9_0/libsrc/xilrsa_v1_1/src"
make -C ps7_cortexa9_0/libsrc/xilrsa_v1_1/src -s include  "SHELL=CMD" "COMPILER=arm-xilinx-eabi-gcc" "ARCHIVER=arm-xilinx-eabi-ar" "COMPILER_FLAGS=  -O2 -c" "EXTRA_COMPILER_FLAGS=-g"
"Running Make libs in ps7_cortexa9_0/libsrc/cpu_cortexa9_v2_1/src"
make -C ps7_cortexa9_0/libsrc/cpu_cortexa9_v2_1/src -s libs  "SHELL=CMD" "COMPILER=arm-xilinx-eabi-gcc" "ARCHIVER=arm-xilinx-eabi-ar" "COMPILER_FLAGS=  -O2 -c" "EXTRA_COMPILER_FLAGS=-g"
"Compiling cpu_cortexa9"
"Running Make libs in ps7_cortexa9_0/libsrc/devcfg_v3_2/src"
make -C ps7_cortexa9_0/libsrc/devcfg_v3_2/src -s libs  "SHELL=CMD" "COMPILER=arm-xilinx-eabi-gcc" "ARCHIVER=arm-xilinx-eabi-ar" "COMPILER_FLAGS=  -O2 -c" "EXTRA_COMPILER_FLAGS=-g"
"Compiling devcfg"
arm-xilinx-eabi-ar: creating ../../../lib/libxil.a
"Running Make libs in ps7_cortexa9_0/libsrc/dmaps_v2_1/src"
make -C ps7_cortexa9_0/libsrc/dmaps_v2_1/src -s libs  "SHELL=CMD" "COMPILER=arm-xilinx-eabi-gcc" "ARCHIVER=arm-xilinx-eabi-ar" "COMPILER_FLAGS=  -O2 -c" "EXTRA_COMPILER_FLAGS=-g"
"Compiling dmaps"
"Running Make libs in ps7_cortexa9_0/libsrc/motorctrl_top_v1_1/src"
make -C ps7_cortexa9_0/libsrc/motorctrl_top_v1_1/src -s libs  "SHELL=CMD" "COMPILER=arm-xilinx-eabi-gcc" "ARCHIVER=arm-xilinx-eabi-ar" "COMPILER_FLAGS=  -O2 -c" "EXTRA_COMPILER_FLAGS=-g"
"Compiling motorctrl_top"
"Running Make libs in ps7_cortexa9_0/libsrc/qspips_v3_1/src"
make -C ps7_cortexa9_0/libsrc/qspips_v3_1/src -s libs  "SHELL=CMD" "COMPILER=arm-xilinx-eabi-gcc" "ARCHIVER=arm-xilinx-eabi-ar" "COMPILER_FLAGS=  -O2 -c" "EXTRA_COMPILER_FLAGS=-g"
"Compiling qspips"
"Running Make libs in ps7_cortexa9_0/libsrc/scugic_v2_1/src"
make -C ps7_cortexa9_0/libsrc/scugic_v2_1/src -s libs  "SHELL=CMD" "COMPILER=arm-xilinx-eabi-gcc" "ARCHIVER=arm-xilinx-eabi-ar" "COMPILER_FLAGS=  -O2 -c" "EXTRA_COMPILER_FLAGS=-g"
"Compiling scugic"
"Running Make libs in ps7_cortexa9_0/libsrc/scutimer_v2_0/src"
make -C ps7_cortexa9_0/libsrc/scutimer_v2_0/src -s libs  "SHELL=CMD" "COMPILER=arm-xilinx-eabi-gcc" "ARCHIVER=arm-xilinx-eabi-ar" "COMPILER_FLAGS=  -O2 -c" "EXTRA_COMPILER_FLAGS=-g"
"Compiling scutimer"
"Running Make libs in ps7_cortexa9_0/libsrc/scuwdt_v2_0/src"
make -C ps7_cortexa9_0/libsrc/scuwdt_v2_0/src -s libs  "SHELL=CMD" "COMPILER=arm-xilinx-eabi-gcc" "ARCHIVER=arm-xilinx-eabi-ar" "COMPILER_FLAGS=  -O2 -c" "EXTRA_COMPILER_FLAGS=-g"
"Compiling scuwdt"
"Running Make libs in ps7_cortexa9_0/libsrc/standalone_v4_2/src"
make -C ps7_cortexa9_0/libsrc/standalone_v4_2/src -s libs  "SHELL=CMD" "COMPILER=arm-xilinx-eabi-gcc" "ARCHIVER=arm-xilinx-eabi-ar" "COMPILER_FLAGS=  -O2 -c" "EXTRA_COMPILER_FLAGS=-g"
"Compiling standalone"
"Running Make libs in ps7_cortexa9_0/libsrc/uartps_v2_2/src"
make -C ps7_cortexa9_0/libsrc/uartps_v2_2/src -s libs  "SHELL=CMD" "COMPILER=arm-xilinx-eabi-gcc" "ARCHIVER=arm-xilinx-eabi-ar" "COMPILER_FLAGS=  -O2 -c" "EXTRA_COMPILER_FLAGS=-g"
"Compiling uartps"
"Running Make libs in ps7_cortexa9_0/libsrc/xadcps_v2_1/src"
make -C ps7_cortexa9_0/libsrc/xadcps_v2_1/src -s libs  "SHELL=CMD" "COMPILER=arm-xilinx-eabi-gcc" "ARCHIVER=arm-xilinx-eabi-ar" "COMPILER_FLAGS=  -O2 -c" "EXTRA_COMPILER_FLAGS=-g"
"Compiling xadcps"
"Running Make libs in ps7_cortexa9_0/libsrc/xilffs_v2_2/src"
make -C ps7_cortexa9_0/libsrc/xilffs_v2_2/src -s libs  "SHELL=CMD" "COMPILER=arm-xilinx-eabi-gcc" "ARCHIVER=arm-xilinx-eabi-ar" "COMPILER_FLAGS=  -O2 -c" "EXTRA_COMPILER_FLAGS=-g"
"Compiling XilFFs Library"
"Creating archive libxilffs.a"
"Running Make libs in ps7_cortexa9_0/libsrc/xilrsa_v1_1/src"
make -C ps7_cortexa9_0/libsrc/xilrsa_v1_1/src -s libs  "SHELL=CMD" "COMPILER=arm-xilinx-eabi-gcc" "ARCHIVER=arm-xilinx-eabi-ar" "COMPILER_FLAGS=  -O2 -c" "EXTRA_COMPILER_FLAGS=-g"
'Finished building libraries'
11:24:34 **** Build of configuration Release for project MyFirstFSBL ****
make all 
Building file: ../src/fsbl_handoff.S
Invoking: ARM gcc compiler
arm-xilinx-eabi-gcc -Wall -O2 -I"C:\Users\Kasper\Documents\GitHub\TIHSC\AI_Project\ZyboCar\ZyboCar.sdk\ZyboCarDesign_wrapper_hw_platform_0" -c -fmessage-length=0 -MT"src/fsbl_handoff.o" -I../../standalone_bsp_0/ps7_cortexa9_0/include -MMD -MP -MF"src/fsbl_handoff.d" -MT"src/fsbl_handoff.d" -o "src/fsbl_handoff.o" "../src/fsbl_handoff.S"
Finished building: ../src/fsbl_handoff.S
 
Building file: ../src/fsbl_hooks.c
Invoking: ARM gcc compiler
arm-xilinx-eabi-gcc -Wall -O2 -I"C:\Users\Kasper\Documents\GitHub\TIHSC\AI_Project\ZyboCar\ZyboCar.sdk\ZyboCarDesign_wrapper_hw_platform_0" -c -fmessage-length=0 -MT"src/fsbl_hooks.o" -I../../standalone_bsp_0/ps7_cortexa9_0/include -MMD -MP -MF"src/fsbl_hooks.d" -MT"src/fsbl_hooks.d" -o "src/fsbl_hooks.o" "../src/fsbl_hooks.c"
Finished building: ../src/fsbl_hooks.c
 
Building file: ../src/image_mover.c
Invoking: ARM gcc compiler
arm-xilinx-eabi-gcc -Wall -O2 -I"C:\Users\Kasper\Documents\GitHub\TIHSC\AI_Project\ZyboCar\ZyboCar.sdk\ZyboCarDesign_wrapper_hw_platform_0" -c -fmessage-length=0 -MT"src/image_mover.o" -I../../standalone_bsp_0/ps7_cortexa9_0/include -MMD -MP -MF"src/image_mover.d" -MT"src/image_mover.d" -o "src/image_mover.o" "../src/image_mover.c"
Finished building: ../src/image_mover.c
 
Building file: ../src/main.c
Invoking: ARM gcc compiler
arm-xilinx-eabi-gcc -Wall -O2 -I"C:\Users\Kasper\Documents\GitHub\TIHSC\AI_Project\ZyboCar\ZyboCar.sdk\ZyboCarDesign_wrapper_hw_platform_0" -c -fmessage-length=0 -MT"src/main.o" -I../../standalone_bsp_0/ps7_cortexa9_0/include -MMD -MP -MF"src/main.d" -MT"src/main.d" -o "src/main.o" "../src/main.c"
Finished building: ../src/main.c
 
Building file: ../src/md5.c
Invoking: ARM gcc compiler
arm-xilinx-eabi-gcc -Wall -O2 -I"C:\Users\Kasper\Documents\GitHub\TIHSC\AI_Project\ZyboCar\ZyboCar.sdk\ZyboCarDesign_wrapper_hw_platform_0" -c -fmessage-length=0 -MT"src/md5.o" -I../../standalone_bsp_0/ps7_cortexa9_0/include -MMD -MP -MF"src/md5.d" -MT"src/md5.d" -o "src/md5.o" "../src/md5.c"
../src/md5.c: In function 'MD5Final':
../src/md5.c:445:2: warning: dereferencing type-punned pointer will break strict-aliasing rules [-Wstrict-aliasing]
  ( (u32 *)context->intermediate )[ 14 ] = context->bits[ 0 ];
  ^
../src/md5.c:446:2: warning: dereferencing type-punned pointer will break strict-aliasing rules [-Wstrict-aliasing]
  ( (u32 *)context->intermediate )[ 15 ] = context->bits[ 1 ];
  ^
Finished building: ../src/md5.c
 
Building file: ../src/nand.c
Invoking: ARM gcc compiler
arm-xilinx-eabi-gcc -Wall -O2 -I"C:\Users\Kasper\Documents\GitHub\TIHSC\AI_Project\ZyboCar\ZyboCar.sdk\ZyboCarDesign_wrapper_hw_platform_0" -c -fmessage-length=0 -MT"src/nand.o" -I../../standalone_bsp_0/ps7_cortexa9_0/include -MMD -MP -MF"src/nand.d" -MT"src/nand.d" -o "src/nand.o" "../src/nand.c"
Finished building: ../src/nand.c
 
Building file: ../src/nor.c
Invoking: ARM gcc compiler
arm-xilinx-eabi-gcc -Wall -O2 -I"C:\Users\Kasper\Documents\GitHub\TIHSC\AI_Project\ZyboCar\ZyboCar.sdk\ZyboCarDesign_wrapper_hw_platform_0" -c -fmessage-length=0 -MT"src/nor.o" -I../../standalone_bsp_0/ps7_cortexa9_0/include -MMD -MP -MF"src/nor.d" -MT"src/nor.d" -o "src/nor.o" "../src/nor.c"
Finished building: ../src/nor.c
 
Building file: ../src/pcap.c
Invoking: ARM gcc compiler
arm-xilinx-eabi-gcc -Wall -O2 -I"C:\Users\Kasper\Documents\GitHub\TIHSC\AI_Project\ZyboCar\ZyboCar.sdk\ZyboCarDesign_wrapper_hw_platform_0" -c -fmessage-length=0 -MT"src/pcap.o" -I../../standalone_bsp_0/ps7_cortexa9_0/include -MMD -MP -MF"src/pcap.d" -MT"src/pcap.d" -o "src/pcap.o" "../src/pcap.c"
Finished building: ../src/pcap.c
 
Building file: C:/Users/Kasper/Documents/GitHub/TIHSC/AI_Project/ZyboCar/ZyboCar.sdk/ZyboCarDesign_wrapper_hw_platform_0/ps7_init.c
Invoking: ARM gcc compiler
arm-xilinx-eabi-gcc -Wall -O2 -I"C:\Users\Kasper\Documents\GitHub\TIHSC\AI_Project\ZyboCar\ZyboCar.sdk\ZyboCarDesign_wrapper_hw_platform_0" -c -fmessage-length=0 -MT"src/ps7_init.o" -I../../standalone_bsp_0/ps7_cortexa9_0/include -MMD -MP -MF"src/ps7_init.d" -MT"src/ps7_init.d" -o "src/ps7_init.o" "C:/Users/Kasper/Documents/GitHub/TIHSC/AI_Project/ZyboCar/ZyboCar.sdk/ZyboCarDesign_wrapper_hw_platform_0/ps7_init.c"
Finished building: C:/Users/Kasper/Documents/GitHub/TIHSC/AI_Project/ZyboCar/ZyboCar.sdk/ZyboCarDesign_wrapper_hw_platform_0/ps7_init.c
 
Building file: ../src/qspi.c
Invoking: ARM gcc compiler
arm-xilinx-eabi-gcc -Wall -O2 -I"C:\Users\Kasper\Documents\GitHub\TIHSC\AI_Project\ZyboCar\ZyboCar.sdk\ZyboCarDesign_wrapper_hw_platform_0" -c -fmessage-length=0 -MT"src/qspi.o" -I../../standalone_bsp_0/ps7_cortexa9_0/include -MMD -MP -MF"src/qspi.d" -MT"src/qspi.d" -o "src/qspi.o" "../src/qspi.c"
Finished building: ../src/qspi.c
 
Building file: ../src/rsa.c
Invoking: ARM gcc compiler
arm-xilinx-eabi-gcc -Wall -O2 -I"C:\Users\Kasper\Documents\GitHub\TIHSC\AI_Project\ZyboCar\ZyboCar.sdk\ZyboCarDesign_wrapper_hw_platform_0" -c -fmessage-length=0 -MT"src/rsa.o" -I../../standalone_bsp_0/ps7_cortexa9_0/include -MMD -MP -MF"src/rsa.d" -MT"src/rsa.d" -o "src/rsa.o" "../src/rsa.c"
Finished building: ../src/rsa.c
 
Building file: ../src/sd.c
Invoking: ARM gcc compiler
arm-xilinx-eabi-gcc -Wall -O2 -I"C:\Users\Kasper\Documents\GitHub\TIHSC\AI_Project\ZyboCar\ZyboCar.sdk\ZyboCarDesign_wrapper_hw_platform_0" -c -fmessage-length=0 -MT"src/sd.o" -I../../standalone_bsp_0/ps7_cortexa9_0/include -MMD -MP -MF"src/sd.d" -MT"src/sd.d" -o "src/sd.o" "../src/sd.c"
Finished building: ../src/sd.c
 
Building target: MyFirstFSBL.elf
Invoking: ARM gcc linker
arm-xilinx-eabi-gcc -L"C:\Users\Kasper\Documents\GitHub\TIHSC\AI_Project\ZyboCar\ZyboCar.sdk\MyFirstFSBL\src" -Wl,-T -Wl,../src/lscript.ld -L../../standalone_bsp_0/ps7_cortexa9_0/lib -o "MyFirstFSBL.elf"  ./src/fsbl_handoff.o ./src/fsbl_hooks.o ./src/image_mover.o ./src/main.o ./src/md5.o ./src/nand.o ./src/nor.o ./src/pcap.o ./src/ps7_init.o ./src/qspi.o ./src/rsa.o ./src/sd.o   -lrsa -Wl,--start-group,-lxil,-lgcc,-lc,--end-group -Wl,--start-group,-lxilffs,-lxil,-lgcc,-lc,--end-group -Wl,--start-group,-lrsa,-lxil,-lgcc,-lc,--end-group
Finished building target: MyFirstFSBL.elf
 
Invoking: ARM Print Size
arm-xilinx-eabi-size MyFirstFSBL.elf  |tee "MyFirstFSBL.elf.size"
   text	   data	    bss	    dec	    hex	filename
  49256	   9728	  71812	 130796	  1feec	MyFirstFSBL.elf
Finished building: MyFirstFSBL.elf.size
 
11:24:38 **** Build of configuration Debug for project MoveTest ****
make all 
Building file: ../src/main.cc
Invoking: ARM g++ compiler
arm-xilinx-eabi-g++ -Wall -O0 -g3 -c -fmessage-length=0 -MT"src/main.o" -I../../standalone_bsp_0/ps7_cortexa9_0/include -MMD -MP -MF"src/main.d" -MT"src/main.d" -o "src/main.o" "../src/main.cc"
Finished building: ../src/main.cc
 
Building file: ../src/move.cpp
Invoking: ARM g++ compiler
arm-xilinx-eabi-g++ -Wall -O0 -g3 -c -fmessage-length=0 -MT"src/move.o" -I../../standalone_bsp_0/ps7_cortexa9_0/include -MMD -MP -MF"src/move.d" -MT"src/move.d" -o "src/move.o" "../src/move.cpp"
Finished building: ../src/move.cpp
 
Building target: MoveTest.elf
Invoking: ARM g++ linker
arm-xilinx-eabi-g++ -Wl,-T -Wl,../src/lscript.ld -L../../standalone_bsp_0/ps7_cortexa9_0/lib -o "MoveTest.elf"  ./src/main.o ./src/move.o   -Wl,--start-group,-lxil,-lgcc,-lc,-lstdc++,--end-group
Finished building target: MoveTest.elf
 
Invoking: ARM Print Size
arm-xilinx-eabi-size MoveTest.elf  |tee "MoveTest.elf.size"
   text	   data	    bss	    dec	    hex	filename
 116776	   2340	  25208	 144324	  233c4	MoveTest.elf
Finished building: MoveTest.elf.size
 
11:27:09 **** Incremental Build of configuration Release for project MyFirstFSBL ****
make all 
make: Ingenting at gøre for 'all'.
11:27:10 **** Incremental Build of configuration Debug for project MoveTest ****
make all 
make: Ingenting at gøre for 'all'.
11:27:42 **** Incremental Build of configuration Release for project MyFirstFSBL ****
make all 
make: Ingenting at gøre for 'all'.
11:27:42 **** Incremental Build of configuration Debug for project MoveTest ****
make all 
make: Ingenting at gøre for 'all'.
11:29:36 **** Auto Build of configuration Debug for project MoveTest ****
make all 
Building file: ../src/main.cc
Invoking: ARM g++ compiler
arm-xilinx-eabi-g++ -Wall -O0 -g3 -c -fmessage-length=0 -MT"src/main.o" -I../../standalone_bsp_0/ps7_cortexa9_0/include -MMD -MP -MF"src/main.d" -MT"src/main.d" -o "src/main.o" "../src/main.cc"
Finished building: ../src/main.cc
 
Building target: MoveTest.elf
Invoking: ARM g++ linker
arm-xilinx-eabi-g++ -Wl,-T -Wl,../src/lscript.ld -L../../standalone_bsp_0/ps7_cortexa9_0/lib -o "MoveTest.elf"  ./src/main.o ./src/move.o   -Wl,--start-group,-lxil,-lgcc,-lc,-lstdc++,--end-group
Finished building target: MoveTest.elf
 
Invoking: ARM Print Size
arm-xilinx-eabi-size MoveTest.elf  |tee "MoveTest.elf.size"
   text	   data	    bss	    dec	    hex	filename
 116776	   2340	  25208	 144324	  233c4	MoveTest.elf
Finished building: MoveTest.elf.size
 
11:29:55 **** Auto Build of configuration Debug for project MoveTest ****
make all 
Building file: ../src/move.cpp
Invoking: ARM g++ compiler
arm-xilinx-eabi-g++ -Wall -O0 -g3 -c -fmessage-length=0 -MT"src/move.o" -I../../standalone_bsp_0/ps7_cortexa9_0/include -MMD -MP -MF"src/move.d" -MT"src/move.d" -o "src/move.o" "../src/move.cpp"
Finished building: ../src/move.cpp
 
Building target: MoveTest.elf
Invoking: ARM g++ linker
arm-xilinx-eabi-g++ -Wl,-T -Wl,../src/lscript.ld -L../../standalone_bsp_0/ps7_cortexa9_0/lib -o "MoveTest.elf"  ./src/main.o ./src/move.o   -Wl,--start-group,-lxil,-lgcc,-lc,-lstdc++,--end-group
Finished building target: MoveTest.elf
 
Invoking: ARM Print Size
arm-xilinx-eabi-size MoveTest.elf  |tee "MoveTest.elf.size"
   text	   data	    bss	    dec	    hex	filename
 116712	   2340	  25208	 144260	  23384	MoveTest.elf
Finished building: MoveTest.elf.size
 
11:29:58 **** Auto Build of configuration Debug for project MoveTest ****
make all 
Building file: ../src/main.cc
Invoking: ARM g++ compiler
arm-xilinx-eabi-g++ -Wall -O0 -g3 -c -fmessage-length=0 -MT"src/main.o" -I../../standalone_bsp_0/ps7_cortexa9_0/include -MMD -MP -MF"src/main.d" -MT"src/main.d" -o "src/main.o" "../src/main.cc"
../src/main.cc: In function 'int main()':
../src/main.cc:11:6: warning: unused variable 'count' [-Wunused-variable]
  int count = 0;
      ^
Finished building: ../src/main.cc
 
Building target: MoveTest.elf
Invoking: ARM g++ linker
arm-xilinx-eabi-g++ -Wl,-T -Wl,../src/lscript.ld -L../../standalone_bsp_0/ps7_cortexa9_0/lib -o "MoveTest.elf"  ./src/main.o ./src/move.o   -Wl,--start-group,-lxil,-lgcc,-lc,-lstdc++,--end-group
Finished building target: MoveTest.elf
 
Invoking: ARM Print Size
arm-xilinx-eabi-size MoveTest.elf  |tee "MoveTest.elf.size"
   text	   data	    bss	    dec	    hex	filename
 116688	   2340	  25200	 144228	  23364	MoveTest.elf
Finished building: MoveTest.elf.size
 
11:30:05 **** Incremental Build of configuration Release for project MyFirstFSBL ****
make all 
make: Ingenting at gøre for 'all'.
11:30:06 **** Incremental Build of configuration Debug for project MoveTest ****
make all 
make: Ingenting at gøre for 'all'.
11:30:17 **** Incremental Build of configuration Release for project MyFirstFSBL ****
make all 
make: Ingenting at gøre for 'all'.
11:30:18 **** Incremental Build of configuration Debug for project MoveTest ****
make all 
make: Ingenting at gøre for 'all'.
11:30:43 **** Incremental Build of configuration Release for project MyFirstFSBL ****
make all 
make: Ingenting at gøre for 'all'.
11:30:44 **** Incremental Build of configuration Debug for project MoveTest ****
make all 
make: Ingenting at gøre for 'all'.
11:31:20 **** Auto Build of configuration Debug for project MoveTest ****
make all 
Building file: ../src/main.cc
Invoking: ARM g++ compiler
arm-xilinx-eabi-g++ -Wall -O0 -g3 -c -fmessage-length=0 -MT"src/main.o" -I../../standalone_bsp_0/ps7_cortexa9_0/include -MMD -MP -MF"src/main.d" -MT"src/main.d" -o "src/main.o" "../src/main.cc"
../src/main.cc: In function 'int main()':
../src/main.cc:11:6: warning: unused variable 'count' [-Wunused-variable]
  int count = 0;
      ^
Finished building: ../src/main.cc
 
Building target: MoveTest.elf
Invoking: ARM g++ linker
arm-xilinx-eabi-g++ -Wl,-T -Wl,../src/lscript.ld -L../../standalone_bsp_0/ps7_cortexa9_0/lib -o "MoveTest.elf"  ./src/main.o ./src/move.o   -Wl,--start-group,-lxil,-lgcc,-lc,-lstdc++,--end-group
Finished building target: MoveTest.elf
 
Invoking: ARM Print Size
arm-xilinx-eabi-size MoveTest.elf  |tee "MoveTest.elf.size"
   text	   data	    bss	    dec	    hex	filename
 116904	   2340	  25200	 144444	  2343c	MoveTest.elf
Finished building: MoveTest.elf.size
 
11:31:26 **** Incremental Build of configuration Release for project MyFirstFSBL ****
make all 
make: Ingenting at gøre for 'all'.
11:31:27 **** Incremental Build of configuration Debug for project MoveTest ****
make all 
make: Ingenting at gøre for 'all'.
11:32:07 **** Auto Build of configuration Debug for project MoveTest ****
make all 
make: Ingenting at gøre for 'all'.
11:51:05 **** Auto Build of configuration Debug for project MoveTest ****
make all 
Building file: ../src/move.cpp
Invoking: ARM g++ compiler
arm-xilinx-eabi-g++ -Wall -O0 -g3 -c -fmessage-length=0 -MT"src/move.o" -I../../standalone_bsp_0/ps7_cortexa9_0/include -MMD -MP -MF"src/move.d" -MT"src/move.d" -o "src/move.o" "../src/move.cpp"
Finished building: ../src/move.cpp
 
Building target: MoveTest.elf
Invoking: ARM g++ linker
arm-xilinx-eabi-g++ -Wl,-T -Wl,../src/lscript.ld -L../../standalone_bsp_0/ps7_cortexa9_0/lib -o "MoveTest.elf"  ./src/main.o ./src/move.o   -Wl,--start-group,-lxil,-lgcc,-lc,-lstdc++,--end-group
Finished building target: MoveTest.elf
 
Invoking: ARM Print Size
arm-xilinx-eabi-size MoveTest.elf  |tee "MoveTest.elf.size"
   text	   data	    bss	    dec	    hex	filename
 116904	   2340	  25200	 144444	  2343c	MoveTest.elf
Finished building: MoveTest.elf.size
 
11:51:13 **** Auto Build of configuration Debug for project MoveTest ****
make all 
Building file: ../src/move.cpp
Invoking: ARM g++ compiler
arm-xilinx-eabi-g++ -Wall -O0 -g3 -c -fmessage-length=0 -MT"src/move.o" -I../../standalone_bsp_0/ps7_cortexa9_0/include -MMD -MP -MF"src/move.d" -MT"src/move.d" -o "src/move.o" "../src/move.cpp"
Finished building: ../src/move.cpp
 
Building target: MoveTest.elf
Invoking: ARM g++ linker
arm-xilinx-eabi-g++ -Wl,-T -Wl,../src/lscript.ld -L../../standalone_bsp_0/ps7_cortexa9_0/lib -o "MoveTest.elf"  ./src/main.o ./src/move.o   -Wl,--start-group,-lxil,-lgcc,-lc,-lstdc++,--end-group
Finished building target: MoveTest.elf
 
Invoking: ARM Print Size
arm-xilinx-eabi-size MoveTest.elf  |tee "MoveTest.elf.size"
   text	   data	    bss	    dec	    hex	filename
 116904	   2340	  25200	 144444	  2343c	MoveTest.elf
Finished building: MoveTest.elf.size
 
12:04:39 **** Auto Build of configuration Debug for project MoveTest ****
make all 
Building file: ../src/move.cpp
Invoking: ARM g++ compiler
arm-xilinx-eabi-g++ -Wall -O0 -g3 -c -fmessage-length=0 -MT"src/move.o" -I../../standalone_bsp_0/ps7_cortexa9_0/include -MMD -MP -MF"src/move.d" -MT"src/move.d" -o "src/move.o" "../src/move.cpp"
Finished building: ../src/move.cpp
 
Building target: MoveTest.elf
Invoking: ARM g++ linker
arm-xilinx-eabi-g++ -Wl,-T -Wl,../src/lscript.ld -L../../standalone_bsp_0/ps7_cortexa9_0/lib -o "MoveTest.elf"  ./src/main.o ./src/move.o   -Wl,--start-group,-lxil,-lgcc,-lc,-lstdc++,--end-group
Finished building target: MoveTest.elf
 
Invoking: ARM Print Size
arm-xilinx-eabi-size MoveTest.elf  |tee "MoveTest.elf.size"
   text	   data	    bss	    dec	    hex	filename
 116904	   2340	  25200	 144444	  2343c	MoveTest.elf
Finished building: MoveTest.elf.size
 
12:06:20 **** Auto Build of configuration Debug for project MoveTest ****
make all 
Building file: ../src/main.cc
Invoking: ARM g++ compiler
arm-xilinx-eabi-g++ -Wall -O0 -g3 -c -fmessage-length=0 -MT"src/main.o" -I../../standalone_bsp_0/ps7_cortexa9_0/include -MMD -MP -MF"src/main.d" -MT"src/main.d" -o "src/main.o" "../src/main.cc"
../src/main.cc: In function 'int main()':
../src/main.cc:11:6: warning: unused variable 'count' [-Wunused-variable]
  int count = 0;
      ^
Finished building: ../src/main.cc
 
Building target: MoveTest.elf
Invoking: ARM g++ linker
arm-xilinx-eabi-g++ -Wl,-T -Wl,../src/lscript.ld -L../../standalone_bsp_0/ps7_cortexa9_0/lib -o "MoveTest.elf"  ./src/main.o ./src/move.o   -Wl,--start-group,-lxil,-lgcc,-lc,-lstdc++,--end-group
Finished building target: MoveTest.elf
 
Invoking: ARM Print Size
arm-xilinx-eabi-size MoveTest.elf  |tee "MoveTest.elf.size"
   text	   data	    bss	    dec	    hex	filename
 116896	   2340	  25200	 144436	  23434	MoveTest.elf
Finished building: MoveTest.elf.size
 
12:07:58 **** Incremental Build of configuration Release for project MyFirstFSBL ****
make all 
make: Ingenting at gøre for 'all'.
12:07:59 **** Incremental Build of configuration Debug for project MoveTest ****
make all 
make: Ingenting at gøre for 'all'.
12:08:32 **** Incremental Build of configuration Release for project MyFirstFSBL ****
make all 
make: Ingenting at gøre for 'all'.
12:08:33 **** Incremental Build of configuration Debug for project MoveTest ****
make all 
make: Ingenting at gøre for 'all'.
12:09:18 **** Incremental Build of configuration Release for project MyFirstFSBL ****
make all 
make: Ingenting at gøre for 'all'.
12:09:19 **** Incremental Build of configuration Debug for project MoveTest ****
make all 
make: Ingenting at gøre for 'all'.
12:09:47 **** Incremental Build of configuration Release for project MyFirstFSBL ****
make all 
make: Ingenting at gøre for 'all'.
12:09:47 **** Incremental Build of configuration Debug for project MoveTest ****
make all 
make: Ingenting at gøre for 'all'.
12:10:08 **** Incremental Build of configuration Release for project MyFirstFSBL ****
make all 
make: Ingenting at gøre for 'all'.
12:10:09 **** Incremental Build of configuration Debug for project MoveTest ****
make all 
make: Ingenting at gøre for 'all'.
12:10:10 **** Auto Build of configuration Debug for project MoveTest ****
make all 
Building file: ../src/main.cc
Invoking: ARM g++ compiler
arm-xilinx-eabi-g++ -Wall -O0 -g3 -c -fmessage-length=0 -MT"src/main.o" -I../../standalone_bsp_0/ps7_cortexa9_0/include -MMD -MP -MF"src/main.d" -MT"src/main.d" -o "src/main.o" "../src/main.cc"
../src/main.cc: In function 'int main()':
../src/main.cc:11:6: warning: unused variable 'count' [-Wunused-variable]
  int count = 0;
      ^
Finished building: ../src/main.cc
 
Building file: ../src/move.cpp
Invoking: ARM g++ compiler
arm-xilinx-eabi-g++ -Wall -O0 -g3 -c -fmessage-length=0 -MT"src/move.o" -I../../standalone_bsp_0/ps7_cortexa9_0/include -MMD -MP -MF"src/move.d" -MT"src/move.d" -o "src/move.o" "../src/move.cpp"
Finished building: ../src/move.cpp
 
Building target: MoveTest.elf
Invoking: ARM g++ linker
arm-xilinx-eabi-g++ -Wl,-T -Wl,../src/lscript.ld -L../../standalone_bsp_0/ps7_cortexa9_0/lib -o "MoveTest.elf"  ./src/main.o ./src/move.o   -Wl,--start-group,-lxil,-lgcc,-lc,-lstdc++,--end-group
Finished building target: MoveTest.elf
 
Invoking: ARM Print Size
arm-xilinx-eabi-size MoveTest.elf  |tee "MoveTest.elf.size"
   text	   data	    bss	    dec	    hex	filename
 116896	   2340	  25200	 144436	  23434	MoveTest.elf
Finished building: MoveTest.elf.size
 
12:10:12 **** Incremental Build of configuration Release for project MyFirstFSBL ****
make all 
make: Ingenting at gøre for 'all'.
12:10:12 **** Incremental Build of configuration Debug for project MoveTest ****
make all 
make: Ingenting at gøre for 'all'.
12:10:36 **** Incremental Build of configuration Release for project MyFirstFSBL ****
make all 
make: Ingenting at gøre for 'all'.
12:10:37 **** Incremental Build of configuration Debug for project MoveTest ****
make all 
make: Ingenting at gøre for 'all'.
12:11:15 **** Incremental Build of configuration Release for project MyFirstFSBL ****
make all 
make: Ingenting at gøre for 'all'.
12:11:16 **** Incremental Build of configuration Debug for project MoveTest ****
make all 
make: Ingenting at gøre for 'all'.
12:11:17 **** Auto Build of configuration Debug for project MoveTest ****
make all 
Building file: ../src/main.cc
Invoking: ARM g++ compiler
arm-xilinx-eabi-g++ -Wall -O0 -g3 -c -fmessage-length=0 -MT"src/main.o" -I../../standalone_bsp_0/ps7_cortexa9_0/include -MMD -MP -MF"src/main.d" -MT"src/main.d" -o "src/main.o" "../src/main.cc"
../src/main.cc: In function 'int main()':
../src/main.cc:11:6: warning: unused variable 'count' [-Wunused-variable]
  int count = 0;
      ^
Finished building: ../src/main.cc
 
Building file: ../src/move.cpp
Invoking: ARM g++ compiler
arm-xilinx-eabi-g++ -Wall -O0 -g3 -c -fmessage-length=0 -MT"src/move.o" -I../../standalone_bsp_0/ps7_cortexa9_0/include -MMD -MP -MF"src/move.d" -MT"src/move.d" -o "src/move.o" "../src/move.cpp"
Finished building: ../src/move.cpp
 
Building target: MoveTest.elf
Invoking: ARM g++ linker
arm-xilinx-eabi-g++ -Wl,-T -Wl,../src/lscript.ld -L../../standalone_bsp_0/ps7_cortexa9_0/lib -o "MoveTest.elf"  ./src/main.o ./src/move.o   -Wl,--start-group,-lxil,-lgcc,-lc,-lstdc++,--end-group
Finished building target: MoveTest.elf
 
Invoking: ARM Print Size
arm-xilinx-eabi-size MoveTest.elf  |tee "MoveTest.elf.size"
   text	   data	    bss	    dec	    hex	filename
 116896	   2340	  25200	 144436	  23434	MoveTest.elf
Finished building: MoveTest.elf.size
 
12:11:19 **** Incremental Build of configuration Release for project MyFirstFSBL ****
make all 
make: Ingenting at gøre for 'all'.
12:11:19 **** Incremental Build of configuration Debug for project MoveTest ****
make all 
make: Ingenting at gøre for 'all'.
12:11:21 **** Incremental Build of configuration Release for project MyFirstFSBL ****
make all 
make: Ingenting at gøre for 'all'.
12:11:22 **** Incremental Build of configuration Debug for project MoveTest ****
make all 
make: Ingenting at gøre for 'all'.
12:11:26 **** Incremental Build of configuration Release for project MyFirstFSBL ****
make all 
make: Ingenting at gøre for 'all'.
12:11:26 **** Incremental Build of configuration Debug for project MoveTest ****
make all 
make: Ingenting at gøre for 'all'.
12:11:54 **** Auto Build of configuration Debug for project MoveTest ****
make all 
Building file: ../src/main.cc
Invoking: ARM g++ compiler
arm-xilinx-eabi-g++ -Wall -O0 -g3 -c -fmessage-length=0 -MT"src/main.o" -I../../standalone_bsp_0/ps7_cortexa9_0/include -MMD -MP -MF"src/main.d" -MT"src/main.d" -o "src/main.o" "../src/main.cc"
../src/main.cc: In function 'int main()':
../src/main.cc:11:6: warning: unused variable 'count' [-Wunused-variable]
  int count = 0;
      ^
Finished building: ../src/main.cc
 
Building file: ../src/move.cpp
Invoking: ARM g++ compiler
arm-xilinx-eabi-g++ -Wall -O0 -g3 -c -fmessage-length=0 -MT"src/move.o" -I../../standalone_bsp_0/ps7_cortexa9_0/include -MMD -MP -MF"src/move.d" -MT"src/move.d" -o "src/move.o" "../src/move.cpp"
Finished building: ../src/move.cpp
 
Building target: MoveTest.elf
Invoking: ARM g++ linker
arm-xilinx-eabi-g++ -Wl,-T -Wl,../src/lscript.ld -L../../standalone_bsp_0/ps7_cortexa9_0/lib -o "MoveTest.elf"  ./src/main.o ./src/move.o   -Wl,--start-group,-lxil,-lgcc,-lc,-lstdc++,--end-group
Finished building target: MoveTest.elf
 
Invoking: ARM Print Size
arm-xilinx-eabi-size MoveTest.elf  |tee "MoveTest.elf.size"
   text	   data	    bss	    dec	    hex	filename
 116896	   2340	  25200	 144436	  23434	MoveTest.elf
Finished building: MoveTest.elf.size
 
12:11:55 **** Incremental Build of configuration Release for project MyFirstFSBL ****
make all 
make: Ingenting at gøre for 'all'.
12:11:56 **** Incremental Build of configuration Debug for project MoveTest ****
make all 
make: Ingenting at gøre for 'all'.
12:12:19 **** Incremental Build of configuration Release for project MyFirstFSBL ****
make all 
make: Ingenting at gøre for 'all'.
12:12:19 **** Incremental Build of configuration Debug for project MoveTest ****
make all 
make: Ingenting at gøre for 'all'.
12:12:37 **** Auto Build of configuration Debug for project MoveTest ****
make all 
Building file: ../src/main.cc
Invoking: ARM g++ compiler
arm-xilinx-eabi-g++ -Wall -O0 -g3 -c -fmessage-length=0 -MT"src/main.o" -I../../standalone_bsp_0/ps7_cortexa9_0/include -MMD -MP -MF"src/main.d" -MT"src/main.d" -o "src/main.o" "../src/main.cc"
../src/main.cc: In function 'int main()':
../src/main.cc:11:6: warning: unused variable 'count' [-Wunused-variable]
  int count = 0;
      ^
Finished building: ../src/main.cc
 
Building file: ../src/move.cpp
Invoking: ARM g++ compiler
arm-xilinx-eabi-g++ -Wall -O0 -g3 -c -fmessage-length=0 -MT"src/move.o" -I../../standalone_bsp_0/ps7_cortexa9_0/include -MMD -MP -MF"src/move.d" -MT"src/move.d" -o "src/move.o" "../src/move.cpp"
Finished building: ../src/move.cpp
 
Building target: MoveTest.elf
Invoking: ARM g++ linker
arm-xilinx-eabi-g++ -Wl,-T -Wl,../src/lscript.ld -L../../standalone_bsp_0/ps7_cortexa9_0/lib -o "MoveTest.elf"  ./src/main.o ./src/move.o   -Wl,--start-group,-lxil,-lgcc,-lc,-lstdc++,--end-group
Finished building target: MoveTest.elf
 
Invoking: ARM Print Size
arm-xilinx-eabi-size MoveTest.elf  |tee "MoveTest.elf.size"
   text	   data	    bss	    dec	    hex	filename
 116896	   2340	  25200	 144436	  23434	MoveTest.elf
Finished building: MoveTest.elf.size
 
12:12:39 **** Incremental Build of configuration Release for project MyFirstFSBL ****
make all 
make: Ingenting at gøre for 'all'.
12:12:39 **** Incremental Build of configuration Debug for project MoveTest ****
make all 
make: Ingenting at gøre for 'all'.
12:12:57 **** Auto Build of configuration Debug for project MoveTest ****
make all 
Building file: ../src/main.cc
Invoking: ARM g++ compiler
arm-xilinx-eabi-g++ -Wall -O0 -g3 -c -fmessage-length=0 -MT"src/main.o" -I../../standalone_bsp_0/ps7_cortexa9_0/include -MMD -MP -MF"src/main.d" -MT"src/main.d" -o "src/main.o" "../src/main.cc"
../src/main.cc: In function 'int main()':
../src/main.cc:11:6: warning: unused variable 'count' [-Wunused-variable]
  int count = 0;
      ^
Finished building: ../src/main.cc
 
Building file: ../src/move.cpp
Invoking: ARM g++ compiler
arm-xilinx-eabi-g++ -Wall -O0 -g3 -c -fmessage-length=0 -MT"src/move.o" -I../../standalone_bsp_0/ps7_cortexa9_0/include -MMD -MP -MF"src/move.d" -MT"src/move.d" -o "src/move.o" "../src/move.cpp"
Finished building: ../src/move.cpp
 
Building target: MoveTest.elf
Invoking: ARM g++ linker
arm-xilinx-eabi-g++ -Wl,-T -Wl,../src/lscript.ld -L../../standalone_bsp_0/ps7_cortexa9_0/lib -o "MoveTest.elf"  ./src/main.o ./src/move.o   -Wl,--start-group,-lxil,-lgcc,-lc,-lstdc++,--end-group
Finished building target: MoveTest.elf
 
Invoking: ARM Print Size
arm-xilinx-eabi-size MoveTest.elf  |tee "MoveTest.elf.size"
   text	   data	    bss	    dec	    hex	filename
 116896	   2340	  25200	 144436	  23434	MoveTest.elf
Finished building: MoveTest.elf.size
 
12:12:59 **** Incremental Build of configuration Release for project MyFirstFSBL ****
make all 
make: Ingenting at gøre for 'all'.
12:12:59 **** Incremental Build of configuration Debug for project MoveTest ****
make all 
make: Ingenting at gøre for 'all'.
12:13:17 **** Incremental Build of configuration Release for project MyFirstFSBL ****
make all 
make: Ingenting at gøre for 'all'.
12:13:17 **** Incremental Build of configuration Debug for project MoveTest ****
make all 
make: Ingenting at gøre for 'all'.
12:13:35 **** Incremental Build of configuration Release for project MyFirstFSBL ****
make all 
make: Ingenting at gøre for 'all'.
12:13:36 **** Incremental Build of configuration Debug for project MoveTest ****
make all 
make: Ingenting at gøre for 'all'.
12:13:51 **** Incremental Build of configuration Release for project MyFirstFSBL ****
make all 
make: Ingenting at gøre for 'all'.
12:13:52 **** Incremental Build of configuration Debug for project MoveTest ****
make all 
make: Ingenting at gøre for 'all'.
12:14:09 **** Incremental Build of configuration Release for project MyFirstFSBL ****
make all 
make: Ingenting at gøre for 'all'.
12:14:10 **** Incremental Build of configuration Debug for project MoveTest ****
make all 
make: Ingenting at gøre for 'all'.
12:14:45 **** Auto Build of configuration Debug for project MoveTest ****
make all 
Building file: ../src/main.cc
Invoking: ARM g++ compiler
arm-xilinx-eabi-g++ -Wall -O0 -g3 -c -fmessage-length=0 -MT"src/main.o" -I../../standalone_bsp_0/ps7_cortexa9_0/include -MMD -MP -MF"src/main.d" -MT"src/main.d" -o "src/main.o" "../src/main.cc"
../src/main.cc: In function 'int main()':
../src/main.cc:11:6: warning: unused variable 'count' [-Wunused-variable]
  int count = 0;
      ^
Finished building: ../src/main.cc
 
Building file: ../src/move.cpp
Invoking: ARM g++ compiler
arm-xilinx-eabi-g++ -Wall -O0 -g3 -c -fmessage-length=0 -MT"src/move.o" -I../../standalone_bsp_0/ps7_cortexa9_0/include -MMD -MP -MF"src/move.d" -MT"src/move.d" -o "src/move.o" "../src/move.cpp"
Finished building: ../src/move.cpp
 
Building target: MoveTest.elf
Invoking: ARM g++ linker
arm-xilinx-eabi-g++ -Wl,-T -Wl,../src/lscript.ld -L../../standalone_bsp_0/ps7_cortexa9_0/lib -o "MoveTest.elf"  ./src/main.o ./src/move.o   -Wl,--start-group,-lxil,-lgcc,-lc,-lstdc++,--end-group
Finished building target: MoveTest.elf
 
Invoking: ARM Print Size
arm-xilinx-eabi-size MoveTest.elf  |tee "MoveTest.elf.size"
   text	   data	    bss	    dec	    hex	filename
 116896	   2340	  25200	 144436	  23434	MoveTest.elf
Finished building: MoveTest.elf.size
 
12:14:46 **** Incremental Build of configuration Release for project MyFirstFSBL ****
make all 
make: Ingenting at gøre for 'all'.
12:14:46 **** Incremental Build of configuration Debug for project MoveTest ****
make all 
make: Ingenting at gøre for 'all'.
12:15:09 **** Incremental Build of configuration Release for project MyFirstFSBL ****
make all 
make: Ingenting at gøre for 'all'.
12:15:09 **** Incremental Build of configuration Debug for project MoveTest ****
make all 
make: Ingenting at gøre for 'all'.
12:15:27 **** Incremental Build of configuration Release for project MyFirstFSBL ****
make all 
make: Ingenting at gøre for 'all'.
12:15:28 **** Incremental Build of configuration Debug for project MoveTest ****
make all 
make: Ingenting at gøre for 'all'.
12:18:24 **** Auto Build of configuration Debug for project MoveTest ****
make all 
Building file: ../src/main.cc
Invoking: ARM g++ compiler
arm-xilinx-eabi-g++ -Wall -O0 -g3 -c -fmessage-length=0 -MT"src/main.o" -I../../standalone_bsp_0/ps7_cortexa9_0/include -MMD -MP -MF"src/main.d" -MT"src/main.d" -o "src/main.o" "../src/main.cc"
../src/main.cc: In function 'int main()':
../src/main.cc:11:6: warning: unused variable 'count' [-Wunused-variable]
  int count = 0;
      ^
Finished building: ../src/main.cc
 
Building target: MoveTest.elf
Invoking: ARM g++ linker
arm-xilinx-eabi-g++ -Wl,-T -Wl,../src/lscript.ld -L../../standalone_bsp_0/ps7_cortexa9_0/lib -o "MoveTest.elf"  ./src/main.o ./src/move.o   -Wl,--start-group,-lxil,-lgcc,-lc,-lstdc++,--end-group
Finished building target: MoveTest.elf
 
Invoking: ARM Print Size
arm-xilinx-eabi-size MoveTest.elf  |tee "MoveTest.elf.size"
   text	   data	    bss	    dec	    hex	filename
 116808	   2340	  25200	 144348	  233dc	MoveTest.elf
Finished building: MoveTest.elf.size
 
12:18:28 **** Incremental Build of configuration Release for project MyFirstFSBL ****
make all 
make: Ingenting at gøre for 'all'.
12:18:29 **** Incremental Build of configuration Debug for project MoveTest ****
make all 
make: Ingenting at gøre for 'all'.
12:19:00 **** Auto Build of configuration Debug for project MoveTest ****
make all 
Building file: ../src/main.cc
Invoking: ARM g++ compiler
arm-xilinx-eabi-g++ -Wall -O0 -g3 -c -fmessage-length=0 -MT"src/main.o" -I../../standalone_bsp_0/ps7_cortexa9_0/include -MMD -MP -MF"src/main.d" -MT"src/main.d" -o "src/main.o" "../src/main.cc"
../src/main.cc: In function 'int main()':
../src/main.cc:11:6: warning: unused variable 'count' [-Wunused-variable]
  int count = 0;
      ^
Finished building: ../src/main.cc
 
Building target: MoveTest.elf
Invoking: ARM g++ linker
arm-xilinx-eabi-g++ -Wl,-T -Wl,../src/lscript.ld -L../../standalone_bsp_0/ps7_cortexa9_0/lib -o "MoveTest.elf"  ./src/main.o ./src/move.o   -Wl,--start-group,-lxil,-lgcc,-lc,-lstdc++,--end-group
Finished building target: MoveTest.elf
 
Invoking: ARM Print Size
arm-xilinx-eabi-size MoveTest.elf  |tee "MoveTest.elf.size"
   text	   data	    bss	    dec	    hex	filename
 116792	   2340	  25200	 144332	  233cc	MoveTest.elf
Finished building: MoveTest.elf.size
 
12:19:01 **** Incremental Build of configuration Release for project MyFirstFSBL ****
make all 
make: Ingenting at gøre for 'all'.
12:19:02 **** Incremental Build of configuration Debug for project MoveTest ****
make all 
make: Ingenting at gøre for 'all'.
12:20:58 **** Auto Build of configuration Debug for project MoveTest ****
make all 
Building file: ../src/move.cpp
Invoking: ARM g++ compiler
arm-xilinx-eabi-g++ -Wall -O0 -g3 -c -fmessage-length=0 -MT"src/move.o" -I../../standalone_bsp_0/ps7_cortexa9_0/include -MMD -MP -MF"src/move.d" -MT"src/move.d" -o "src/move.o" "../src/move.cpp"
../src/move.cpp: In member function 'void MoveController::move(float, int, float)':
../src/move.cpp:23:12: error: expected primary-expression before ')' token
  if (h_p !=) { // Only turn for angle != 0
            ^
make: *** [src/move.o] Fejl 1
12:21:06 **** Auto Build of configuration Debug for project MoveTest ****
make all 
Building file: ../src/move.cpp
Invoking: ARM g++ compiler
arm-xilinx-eabi-g++ -Wall -O0 -g3 -c -fmessage-length=0 -MT"src/move.o" -I../../standalone_bsp_0/ps7_cortexa9_0/include -MMD -MP -MF"src/move.d" -MT"src/move.d" -o "src/move.o" "../src/move.cpp"
Finished building: ../src/move.cpp
 
Building target: MoveTest.elf
Invoking: ARM g++ linker
arm-xilinx-eabi-g++ -Wl,-T -Wl,../src/lscript.ld -L../../standalone_bsp_0/ps7_cortexa9_0/lib -o "MoveTest.elf"  ./src/main.o ./src/move.o   -Wl,--start-group,-lxil,-lgcc,-lc,-lstdc++,--end-group
Finished building target: MoveTest.elf
 
Invoking: ARM Print Size
arm-xilinx-eabi-size MoveTest.elf  |tee "MoveTest.elf.size"
   text	   data	    bss	    dec	    hex	filename
 116792	   2340	  25200	 144332	  233cc	MoveTest.elf
Finished building: MoveTest.elf.size
 
12:21:08 **** Incremental Build of configuration Release for project MyFirstFSBL ****
make all 
make: Ingenting at gøre for 'all'.
12:21:09 **** Incremental Build of configuration Debug for project MoveTest ****
make all 
make: Ingenting at gøre for 'all'.
12:21:54 **** Incremental Build of configuration Release for project MyFirstFSBL ****
make all 
make: Ingenting at gøre for 'all'.
12:21:54 **** Incremental Build of configuration Debug for project MoveTest ****
make all 
make: Ingenting at gøre for 'all'.
12:22:58 **** Auto Build of configuration Debug for project MoveTest ****
make all 
Building file: ../src/move.cpp
Invoking: ARM g++ compiler
arm-xilinx-eabi-g++ -Wall -O0 -g3 -c -fmessage-length=0 -MT"src/move.o" -I../../standalone_bsp_0/ps7_cortexa9_0/include -MMD -MP -MF"src/move.d" -MT"src/move.d" -o "src/move.o" "../src/move.cpp"
Finished building: ../src/move.cpp
 
Building target: MoveTest.elf
Invoking: ARM g++ linker
arm-xilinx-eabi-g++ -Wl,-T -Wl,../src/lscript.ld -L../../standalone_bsp_0/ps7_cortexa9_0/lib -o "MoveTest.elf"  ./src/main.o ./src/move.o   -Wl,--start-group,-lxil,-lgcc,-lc,-lstdc++,--end-group
Finished building target: MoveTest.elf
 
Invoking: ARM Print Size
arm-xilinx-eabi-size MoveTest.elf  |tee "MoveTest.elf.size"
   text	   data	    bss	    dec	    hex	filename
 116792	   2340	  25200	 144332	  233cc	MoveTest.elf
Finished building: MoveTest.elf.size
 
12:23:01 **** Incremental Build of configuration Release for project MyFirstFSBL ****
make all 
make: Ingenting at gøre for 'all'.
12:23:02 **** Incremental Build of configuration Debug for project MoveTest ****
make all 
make: Ingenting at gøre for 'all'.
12:24:31 **** Incremental Build of configuration Release for project MyFirstFSBL ****
make all 
make: Ingenting at gøre for 'all'.
12:24:31 **** Incremental Build of configuration Debug for project MoveTest ****
make all 
make: Ingenting at gøre for 'all'.
12:24:51 **** Incremental Build of configuration Release for project MyFirstFSBL ****
make all 
make: Ingenting at gøre for 'all'.
12:24:52 **** Incremental Build of configuration Debug for project MoveTest ****
make all 
make: Ingenting at gøre for 'all'.
12:25:43 **** Auto Build of configuration Debug for project MoveTest ****
make all 
Building file: ../src/main.cc
Invoking: ARM g++ compiler
arm-xilinx-eabi-g++ -Wall -O0 -g3 -c -fmessage-length=0 -MT"src/main.o" -I../../standalone_bsp_0/ps7_cortexa9_0/include -MMD -MP -MF"src/main.d" -MT"src/main.d" -o "src/main.o" "../src/main.cc"
../src/main.cc: In function 'int main()':
../src/main.cc:11:6: warning: unused variable 'count' [-Wunused-variable]
  int count = 0;
      ^
Finished building: ../src/main.cc
 
Building file: ../src/move.cpp
Invoking: ARM g++ compiler
arm-xilinx-eabi-g++ -Wall -O0 -g3 -c -fmessage-length=0 -MT"src/move.o" -I../../standalone_bsp_0/ps7_cortexa9_0/include -MMD -MP -MF"src/move.d" -MT"src/move.d" -o "src/move.o" "../src/move.cpp"
Finished building: ../src/move.cpp
 
Building target: MoveTest.elf
Invoking: ARM g++ linker
arm-xilinx-eabi-g++ -Wl,-T -Wl,../src/lscript.ld -L../../standalone_bsp_0/ps7_cortexa9_0/lib -o "MoveTest.elf"  ./src/main.o ./src/move.o   -Wl,--start-group,-lxil,-lgcc,-lc,-lstdc++,--end-group
Finished building target: MoveTest.elf
 
Invoking: ARM Print Size
arm-xilinx-eabi-size MoveTest.elf  |tee "MoveTest.elf.size"
   text	   data	    bss	    dec	    hex	filename
 116792	   2340	  25200	 144332	  233cc	MoveTest.elf
Finished building: MoveTest.elf.size
 
12:25:48 **** Incremental Build of configuration Release for project MyFirstFSBL ****
make all 
make: Ingenting at gøre for 'all'.
12:25:49 **** Incremental Build of configuration Debug for project MoveTest ****
make all 
make: Ingenting at gøre for 'all'.
12:26:08 **** Incremental Build of configuration Release for project MyFirstFSBL ****
make all 
make: Ingenting at gøre for 'all'.
12:26:09 **** Incremental Build of configuration Debug for project MoveTest ****
make all 
make: Ingenting at gøre for 'all'.
12:26:27 **** Incremental Build of configuration Release for project MyFirstFSBL ****
make all 
make: Ingenting at gøre for 'all'.
12:26:27 **** Incremental Build of configuration Debug for project MoveTest ****
make all 
make: Ingenting at gøre for 'all'.
12:26:43 **** Auto Build of configuration Debug for project MoveTest ****
make all 
Building file: ../src/main.cc
Invoking: ARM g++ compiler
arm-xilinx-eabi-g++ -Wall -O0 -g3 -c -fmessage-length=0 -MT"src/main.o" -I../../standalone_bsp_0/ps7_cortexa9_0/include -MMD -MP -MF"src/main.d" -MT"src/main.d" -o "src/main.o" "../src/main.cc"
../src/main.cc: In function 'int main()':
../src/main.cc:11:6: warning: unused variable 'count' [-Wunused-variable]
  int count = 0;
      ^
Finished building: ../src/main.cc
 
Building file: ../src/move.cpp
Invoking: ARM g++ compiler
arm-xilinx-eabi-g++ -Wall -O0 -g3 -c -fmessage-length=0 -MT"src/move.o" -I../../standalone_bsp_0/ps7_cortexa9_0/include -MMD -MP -MF"src/move.d" -MT"src/move.d" -o "src/move.o" "../src/move.cpp"
Finished building: ../src/move.cpp
 
Building target: MoveTest.elf
Invoking: ARM g++ linker
arm-xilinx-eabi-g++ -Wl,-T -Wl,../src/lscript.ld -L../../standalone_bsp_0/ps7_cortexa9_0/lib -o "MoveTest.elf"  ./src/main.o ./src/move.o   -Wl,--start-group,-lxil,-lgcc,-lc,-lstdc++,--end-group
Finished building target: MoveTest.elf
 
Invoking: ARM Print Size
arm-xilinx-eabi-size MoveTest.elf  |tee "MoveTest.elf.size"
   text	   data	    bss	    dec	    hex	filename
 116792	   2340	  25200	 144332	  233cc	MoveTest.elf
Finished building: MoveTest.elf.size
 
12:27:14 **** Incremental Build of configuration Release for project MyFirstFSBL ****
make all 
make: Ingenting at gøre for 'all'.
12:27:14 **** Incremental Build of configuration Debug for project MoveTest ****
make all 
make: Ingenting at gøre for 'all'.
12:27:36 **** Auto Build of configuration Debug for project MoveTest ****
make all 
Building file: ../src/main.cc
Invoking: ARM g++ compiler
arm-xilinx-eabi-g++ -Wall -O0 -g3 -c -fmessage-length=0 -MT"src/main.o" -I../../standalone_bsp_0/ps7_cortexa9_0/include -MMD -MP -MF"src/main.d" -MT"src/main.d" -o "src/main.o" "../src/main.cc"
../src/main.cc: In function 'int main()':
../src/main.cc:11:6: warning: unused variable 'count' [-Wunused-variable]
  int count = 0;
      ^
Finished building: ../src/main.cc
 
Building file: ../src/move.cpp
Invoking: ARM g++ compiler
arm-xilinx-eabi-g++ -Wall -O0 -g3 -c -fmessage-length=0 -MT"src/move.o" -I../../standalone_bsp_0/ps7_cortexa9_0/include -MMD -MP -MF"src/move.d" -MT"src/move.d" -o "src/move.o" "../src/move.cpp"
Finished building: ../src/move.cpp
 
Building target: MoveTest.elf
Invoking: ARM g++ linker
arm-xilinx-eabi-g++ -Wl,-T -Wl,../src/lscript.ld -L../../standalone_bsp_0/ps7_cortexa9_0/lib -o "MoveTest.elf"  ./src/main.o ./src/move.o   -Wl,--start-group,-lxil,-lgcc,-lc,-lstdc++,--end-group
Finished building target: MoveTest.elf
 
Invoking: ARM Print Size
arm-xilinx-eabi-size MoveTest.elf  |tee "MoveTest.elf.size"
   text	   data	    bss	    dec	    hex	filename
 116792	   2340	  25200	 144332	  233cc	MoveTest.elf
Finished building: MoveTest.elf.size
 
12:27:39 **** Incremental Build of configuration Release for project MyFirstFSBL ****
make all 
make: Ingenting at gøre for 'all'.
12:27:39 **** Incremental Build of configuration Debug for project MoveTest ****
make all 
make: Ingenting at gøre for 'all'.
12:27:53 **** Auto Build of configuration Debug for project MoveTest ****
make all 
Building file: ../src/main.cc
Invoking: ARM g++ compiler
arm-xilinx-eabi-g++ -Wall -O0 -g3 -c -fmessage-length=0 -MT"src/main.o" -I../../standalone_bsp_0/ps7_cortexa9_0/include -MMD -MP -MF"src/main.d" -MT"src/main.d" -o "src/main.o" "../src/main.cc"
../src/main.cc: In function 'int main()':
../src/main.cc:11:6: warning: unused variable 'count' [-Wunused-variable]
  int count = 0;
      ^
Finished building: ../src/main.cc
 
Building file: ../src/move.cpp
Invoking: ARM g++ compiler
arm-xilinx-eabi-g++ -Wall -O0 -g3 -c -fmessage-length=0 -MT"src/move.o" -I../../standalone_bsp_0/ps7_cortexa9_0/include -MMD -MP -MF"src/move.d" -MT"src/move.d" -o "src/move.o" "../src/move.cpp"
Finished building: ../src/move.cpp
 
Building target: MoveTest.elf
Invoking: ARM g++ linker
arm-xilinx-eabi-g++ -Wl,-T -Wl,../src/lscript.ld -L../../standalone_bsp_0/ps7_cortexa9_0/lib -o "MoveTest.elf"  ./src/main.o ./src/move.o   -Wl,--start-group,-lxil,-lgcc,-lc,-lstdc++,--end-group
Finished building target: MoveTest.elf
 
Invoking: ARM Print Size
arm-xilinx-eabi-size MoveTest.elf  |tee "MoveTest.elf.size"
   text	   data	    bss	    dec	    hex	filename
 116792	   2340	  25200	 144332	  233cc	MoveTest.elf
Finished building: MoveTest.elf.size
 
12:27:54 **** Incremental Build of configuration Release for project MyFirstFSBL ****
make all 
make: Ingenting at gøre for 'all'.
12:27:55 **** Incremental Build of configuration Debug for project MoveTest ****
make all 
make: Ingenting at gøre for 'all'.
12:28:12 **** Auto Build of configuration Debug for project MoveTest ****
make all 
Building file: ../src/main.cc
Invoking: ARM g++ compiler
arm-xilinx-eabi-g++ -Wall -O0 -g3 -c -fmessage-length=0 -MT"src/main.o" -I../../standalone_bsp_0/ps7_cortexa9_0/include -MMD -MP -MF"src/main.d" -MT"src/main.d" -o "src/main.o" "../src/main.cc"
../src/main.cc: In function 'int main()':
../src/main.cc:11:6: warning: unused variable 'count' [-Wunused-variable]
  int count = 0;
      ^
Finished building: ../src/main.cc
 
Building file: ../src/move.cpp
Invoking: ARM g++ compiler
arm-xilinx-eabi-g++ -Wall -O0 -g3 -c -fmessage-length=0 -MT"src/move.o" -I../../standalone_bsp_0/ps7_cortexa9_0/include -MMD -MP -MF"src/move.d" -MT"src/move.d" -o "src/move.o" "../src/move.cpp"
Finished building: ../src/move.cpp
 
Building target: MoveTest.elf
Invoking: ARM g++ linker
arm-xilinx-eabi-g++ -Wl,-T -Wl,../src/lscript.ld -L../../standalone_bsp_0/ps7_cortexa9_0/lib -o "MoveTest.elf"  ./src/main.o ./src/move.o   -Wl,--start-group,-lxil,-lgcc,-lc,-lstdc++,--end-group
Finished building target: MoveTest.elf
 
Invoking: ARM Print Size
arm-xilinx-eabi-size MoveTest.elf  |tee "MoveTest.elf.size"
   text	   data	    bss	    dec	    hex	filename
 116792	   2340	  25200	 144332	  233cc	MoveTest.elf
Finished building: MoveTest.elf.size
 
12:28:13 **** Incremental Build of configuration Release for project MyFirstFSBL ****
make all 
make: Ingenting at gøre for 'all'.
12:28:14 **** Incremental Build of configuration Debug for project MoveTest ****
make all 
make: Ingenting at gøre for 'all'.
12:28:41 **** Incremental Build of configuration Release for project MyFirstFSBL ****
make all 
make: Ingenting at gøre for 'all'.
12:28:42 **** Incremental Build of configuration Debug for project MoveTest ****
make all 
make: Ingenting at gøre for 'all'.
12:29:15 **** Incremental Build of configuration Release for project MyFirstFSBL ****
make all 
make: Ingenting at gøre for 'all'.
12:29:16 **** Incremental Build of configuration Debug for project MoveTest ****
make all 
make: Ingenting at gøre for 'all'.
12:30:04 **** Auto Build of configuration Debug for project MoveTest ****
make all 
Building file: ../src/main.cc
Invoking: ARM g++ compiler
arm-xilinx-eabi-g++ -Wall -O0 -g3 -c -fmessage-length=0 -MT"src/main.o" -I../../standalone_bsp_0/ps7_cortexa9_0/include -MMD -MP -MF"src/main.d" -MT"src/main.d" -o "src/main.o" "../src/main.cc"
../src/main.cc: In function 'int main()':
../src/main.cc:11:6: warning: unused variable 'count' [-Wunused-variable]
  int count = 0;
      ^
Finished building: ../src/main.cc
 
Building target: MoveTest.elf
Invoking: ARM g++ linker
arm-xilinx-eabi-g++ -Wl,-T -Wl,../src/lscript.ld -L../../standalone_bsp_0/ps7_cortexa9_0/lib -o "MoveTest.elf"  ./src/main.o ./src/move.o   -Wl,--start-group,-lxil,-lgcc,-lc,-lstdc++,--end-group
Finished building target: MoveTest.elf
 
Invoking: ARM Print Size
arm-xilinx-eabi-size MoveTest.elf  |tee "MoveTest.elf.size"
   text	   data	    bss	    dec	    hex	filename
 116792	   2340	  25200	 144332	  233cc	MoveTest.elf
Finished building: MoveTest.elf.size
 
12:30:05 **** Incremental Build of configuration Release for project MyFirstFSBL ****
make all 
make: Ingenting at gøre for 'all'.
12:30:06 **** Incremental Build of configuration Debug for project MoveTest ****
make all 
make: Ingenting at gøre for 'all'.
12:59:40 **** Auto Build of configuration Debug for project MoveTest ****
make all 
Building file: ../src/main.cc
Invoking: ARM g++ compiler
arm-xilinx-eabi-g++ -Wall -O0 -g3 -c -fmessage-length=0 -MT"src/main.o" -I../../standalone_bsp_0/ps7_cortexa9_0/include -MMD -MP -MF"src/main.d" -MT"src/main.d" -o "src/main.o" "../src/main.cc"
../src/main.cc: In function 'int main()':
../src/main.cc:17:17: warning: suggest parentheses around assignment used as truth value [-Wparentheses]
   if (btn = true) {
                 ^
Finished building: ../src/main.cc
 
Building target: MoveTest.elf
Invoking: ARM g++ linker
arm-xilinx-eabi-g++ -Wl,-T -Wl,../src/lscript.ld -L../../standalone_bsp_0/ps7_cortexa9_0/lib -o "MoveTest.elf"  ./src/main.o ./src/move.o   -Wl,--start-group,-lxil,-lgcc,-lc,-lstdc++,--end-group
Finished building target: MoveTest.elf
 
Invoking: ARM Print Size
arm-xilinx-eabi-size MoveTest.elf  |tee "MoveTest.elf.size"
   text	   data	    bss	    dec	    hex	filename
 116904	   2340	  25200	 144444	  2343c	MoveTest.elf
Finished building: MoveTest.elf.size
 
13:00:13 **** Auto Build of configuration Debug for project MoveTest ****
make all 
Building file: ../src/main.cc
Invoking: ARM g++ compiler
arm-xilinx-eabi-g++ -Wall -O0 -g3 -c -fmessage-length=0 -MT"src/main.o" -I../../standalone_bsp_0/ps7_cortexa9_0/include -MMD -MP -MF"src/main.d" -MT"src/main.d" -o "src/main.o" "../src/main.cc"
../src/main.cc: In function 'int main()':
../src/main.cc:20:17: warning: suggest parentheses around assignment used as truth value [-Wparentheses]
   if (btn = true) {
                 ^
Finished building: ../src/main.cc
 
Building target: MoveTest.elf
Invoking: ARM g++ linker
arm-xilinx-eabi-g++ -Wl,-T -Wl,../src/lscript.ld -L../../standalone_bsp_0/ps7_cortexa9_0/lib -o "MoveTest.elf"  ./src/main.o ./src/move.o   -Wl,--start-group,-lxil,-lgcc,-lc,-lstdc++,--end-group
Finished building target: MoveTest.elf
 
Invoking: ARM Print Size
arm-xilinx-eabi-size MoveTest.elf  |tee "MoveTest.elf.size"
   text	   data	    bss	    dec	    hex	filename
 116904	   2340	  25200	 144444	  2343c	MoveTest.elf
Finished building: MoveTest.elf.size
 
13:00:15 **** Auto Build of configuration Debug for project MoveTest ****
make all 
make: Ingenting at gøre for 'all'.
